2015/03/18 17:39:02 [error] [exception.CException] exception 'CException' with message 'Property "UserIdentity.username" is not defined.' in D:\xampp\htdocs\yii\framework\base\CComponent.php:130
Stack trace:
#0 D:\xampp\htdocs\yii\hososv\protected\components\UserIdentity.php(25): CComponent->__get('username')
#1 D:\xampp\htdocs\yii\hososv\protected\models\LoginForm.php(52): UserIdentity->authenticate()
#2 D:\xampp\htdocs\yii\framework\validators\CInlineValidator.php(42): LoginForm->authenticate('password', Array)
#3 D:\xampp\htdocs\yii\framework\validators\CValidator.php(201): CInlineValidator->validateAttribute(Object(LoginForm), 'password')
#4 D:\xampp\htdocs\yii\framework\base\CModel.php(159): CValidator->validate(Object(LoginForm), NULL)
#5 D:\xampp\htdocs\yii\hososv\protected\controllers\SiteController.php(94): CModel->validate()
#6 D:\xampp\htdocs\yii\framework\web\actions\CInlineAction.php(49): SiteController->actionLogin()
#7 D:\xampp\htdocs\yii\framework\web\CController.php(308): CInlineAction->runWithParams(Array)
#8 D:\xampp\htdocs\yii\framework\web\CController.php(286): CController->runAction(Object(CInlineAction))
#9 D:\xampp\htdocs\yii\framework\web\CController.php(265): CController->runActionWithFilters(Object(CInlineAction), Array)
#10 D:\xampp\htdocs\yii\framework\web\CWebApplication.php(282): CController->run('login')
#11 D:\xampp\htdocs\yii\framework\web\CWebApplication.php(141): CWebApplication->runController('site/login')
#12 D:\xampp\htdocs\yii\framework\base\CApplication.php(184): CWebApplication->processRequest()
#13 D:\xampp\htdocs\yii\hososv\index.php(13): CApplication->run()
#14 {main}
REQUEST_URI=/yii/hososv/index.php?r=site/login
HTTP_REFERER=http://localhost:8080/yii/hososv/index.php?r=site/login
---
2015/03/18 17:39:36 [error] [exception.CException] exception 'CException' with message 'Property "UserIdentity.username" is not defined.' in D:\xampp\htdocs\yii\framework\base\CComponent.php:130
Stack trace:
#0 D:\xampp\htdocs\yii\hososv\protected\components\UserIdentity.php(25): CComponent->__get('username')
#1 D:\xampp\htdocs\yii\hososv\protected\models\LoginForm.php(52): UserIdentity->authenticate()
#2 D:\xampp\htdocs\yii\framework\validators\CInlineValidator.php(42): LoginForm->authenticate('password', Array)
#3 D:\xampp\htdocs\yii\framework\validators\CValidator.php(201): CInlineValidator->validateAttribute(Object(LoginForm), 'password')
#4 D:\xampp\htdocs\yii\framework\base\CModel.php(159): CValidator->validate(Object(LoginForm), NULL)
#5 D:\xampp\htdocs\yii\hososv\protected\controllers\SiteController.php(94): CModel->validate()
#6 D:\xampp\htdocs\yii\framework\web\actions\CInlineAction.php(49): SiteController->actionLogin()
#7 D:\xampp\htdocs\yii\framework\web\CController.php(308): CInlineAction->runWithParams(Array)
#8 D:\xampp\htdocs\yii\framework\web\CController.php(286): CController->runAction(Object(CInlineAction))
#9 D:\xampp\htdocs\yii\framework\web\CController.php(265): CController->runActionWithFilters(Object(CInlineAction), Array)
#10 D:\xampp\htdocs\yii\framework\web\CWebApplication.php(282): CController->run('login')
#11 D:\xampp\htdocs\yii\framework\web\CWebApplication.php(141): CWebApplication->runController('site/login')
#12 D:\xampp\htdocs\yii\framework\base\CApplication.php(184): CWebApplication->processRequest()
#13 D:\xampp\htdocs\yii\hososv\index.php(13): CApplication->run()
#14 {main}
REQUEST_URI=/yii/hososv/index.php?r=site/login
HTTP_REFERER=http://localhost:8080/yii/hososv/index.php?r=site/login
---
2015/03/18 17:40:35 [error] [exception.CException] exception 'CException' with message 'Property "UserIdentity.username" is not defined.' in D:\xampp\htdocs\yii\framework\base\CComponent.php:130
Stack trace:
#0 D:\xampp\htdocs\yii\hososv\protected\components\UserIdentity.php(27): CComponent->__get('username')
#1 D:\xampp\htdocs\yii\hososv\protected\models\LoginForm.php(52): UserIdentity->authenticate()
#2 D:\xampp\htdocs\yii\framework\validators\CInlineValidator.php(42): LoginForm->authenticate('password', Array)
#3 D:\xampp\htdocs\yii\framework\validators\CValidator.php(201): CInlineValidator->validateAttribute(Object(LoginForm), 'password')
#4 D:\xampp\htdocs\yii\framework\base\CModel.php(159): CValidator->validate(Object(LoginForm), NULL)
#5 D:\xampp\htdocs\yii\hososv\protected\controllers\SiteController.php(94): CModel->validate()
#6 D:\xampp\htdocs\yii\framework\web\actions\CInlineAction.php(49): SiteController->actionLogin()
#7 D:\xampp\htdocs\yii\framework\web\CController.php(308): CInlineAction->runWithParams(Array)
#8 D:\xampp\htdocs\yii\framework\web\CController.php(286): CController->runAction(Object(CInlineAction))
#9 D:\xampp\htdocs\yii\framework\web\CController.php(265): CController->runActionWithFilters(Object(CInlineAction), Array)
#10 D:\xampp\htdocs\yii\framework\web\CWebApplication.php(282): CController->run('login')
#11 D:\xampp\htdocs\yii\framework\web\CWebApplication.php(141): CWebApplication->runController('site/login')
#12 D:\xampp\htdocs\yii\framework\base\CApplication.php(184): CWebApplication->processRequest()
#13 D:\xampp\htdocs\yii\hososv\index.php(13): CApplication->run()
#14 {main}
REQUEST_URI=/yii/hososv/index.php?r=site/login
HTTP_REFERER=http://localhost:8080/yii/hososv/index.php?r=site/login
---
2015/03/18 17:50:23 [error] [exception.CHttpException.403] exception 'CHttpException' with message 'You are not authorized to perform this action.' in D:\xampp\htdocs\yii\framework\web\auth\CAccessControlFilter.php:182
Stack trace:
#0 D:\xampp\htdocs\yii\framework\web\auth\CAccessControlFilter.php(145): CAccessControlFilter->accessDenied(Object(CWebUser), 'You are not aut...')
#1 D:\xampp\htdocs\yii\framework\web\filters\CFilter.php(38): CAccessControlFilter->preFilter(Object(CFilterChain))
#2 D:\xampp\htdocs\yii\framework\web\CController.php(1145): CFilter->filter(Object(CFilterChain))
#3 D:\xampp\htdocs\yii\framework\web\filters\CInlineFilter.php(58): CController->filterAccessControl(Object(CFilterChain))
#4 D:\xampp\htdocs\yii\framework\web\filters\CFilterChain.php(130): CInlineFilter->filter(Object(CFilterChain))
#5 D:\xampp\htdocs\yii\framework\web\CController.php(291): CFilterChain->run()
#6 D:\xampp\htdocs\yii\framework\web\CController.php(265): CController->runActionWithFilters(Object(CInlineAction), Array)
#7 D:\xampp\htdocs\yii\framework\web\CWebApplication.php(282): CController->run('admin')
#8 D:\xampp\htdocs\yii\framework\web\CWebApplication.php(141): CWebApplication->runController('taikhoan/admin')
#9 D:\xampp\htdocs\yii\framework\base\CApplication.php(184): CWebApplication->processRequest()
#10 D:\xampp\htdocs\yii\hososv\index.php(13): CApplication->run()
#11 {main}
REQUEST_URI=/yii/hososv/index.php?r=taikhoan/admin
---
2015/03/18 17:52:58 [error] [php] include(Member.php): failed to open stream: No such file or directory (D:\xampp\htdocs\yii\framework\YiiBase.php:432)
Stack trace:
#0 D:\xampp\htdocs\yii\hososv\protected\components\UserIdentity.php(45): spl_autoload_call()
#1 D:\xampp\htdocs\yii\hososv\protected\models\LoginForm.php(52): UserIdentity->authenticate()
#2 D:\xampp\htdocs\yii\framework\validators\CInlineValidator.php(42): LoginForm->authenticate()
#3 D:\xampp\htdocs\yii\framework\validators\CValidator.php(201): CInlineValidator->validateAttribute()
#4 D:\xampp\htdocs\yii\framework\base\CModel.php(159): CInlineValidator->validate()
#5 D:\xampp\htdocs\yii\hososv\protected\controllers\SiteController.php(94): LoginForm->validate()
#6 D:\xampp\htdocs\yii\framework\web\actions\CInlineAction.php(49): SiteController->actionLogin()
#7 D:\xampp\htdocs\yii\framework\web\CController.php(308): CInlineAction->runWithParams()
#8 D:\xampp\htdocs\yii\framework\web\CController.php(286): SiteController->runAction()
#9 D:\xampp\htdocs\yii\framework\web\CController.php(265): SiteController->runActionWithFilters()
#10 D:\xampp\htdocs\yii\framework\web\CWebApplication.php(282): SiteController->run()
#11 D:\xampp\htdocs\yii\framework\web\CWebApplication.php(141): CWebApplication->runController()
#12 D:\xampp\htdocs\yii\framework\base\CApplication.php(184): CWebApplication->processRequest()
#13 D:\xampp\htdocs\yii\hososv\index.php(13): CWebApplication->run()
REQUEST_URI=/yii/hososv/index.php?r=site/login
in D:\xampp\htdocs\yii\hososv\protected\components\UserIdentity.php (45)
in D:\xampp\htdocs\yii\hososv\protected\models\LoginForm.php (52)
in D:\xampp\htdocs\yii\hososv\protected\controllers\SiteController.php (94)
2015/03/18 17:55:09 [error] [exception.CException] exception 'CException' with message 'Property "LoginForm.email" is not defined.' in D:\xampp\htdocs\yii\framework\base\CComponent.php:130
Stack trace:
#0 D:\xampp\htdocs\yii\framework\web\helpers\CHtml.php(2728): CComponent->__get('email')
#1 D:\xampp\htdocs\yii\framework\web\helpers\CHtml.php(2451): CHtml::resolveValue(Object(LoginForm), 'email')
#2 D:\xampp\htdocs\yii\framework\web\helpers\CHtml.php(1533): CHtml::activeInputField('text', Object(LoginForm), 'email', Array)
#3 D:\xampp\htdocs\yii\framework\web\widgets\CActiveForm.php(792): CHtml::activeTextField(Object(LoginForm), 'email', Array)
#4 D:\xampp\htdocs\yii\hososv\protected\views\site\login.php(29): CActiveForm->textField(Object(LoginForm), 'email')
#5 D:\xampp\htdocs\yii\framework\web\CBaseController.php(126): require('D:\\xampp\\htdocs...')
#6 D:\xampp\htdocs\yii\framework\web\CBaseController.php(95): CBaseController->renderInternal('D:\\xampp\\htdocs...', Array, true)
#7 D:\xampp\htdocs\yii\framework\web\CController.php(869): CBaseController->renderFile('D:\\xampp\\htdocs...', Array, true)
#8 D:\xampp\htdocs\yii\framework\web\CController.php(782): CController->renderPartial('login', Array, true)
#9 D:\xampp\htdocs\yii\hososv\protected\controllers\SiteController.php(98): CController->render('login', Array)
#10 D:\xampp\htdocs\yii\framework\web\actions\CInlineAction.php(49): SiteController->actionLogin()
#11 D:\xampp\htdocs\yii\framework\web\CController.php(308): CInlineAction->runWithParams(Array)
#12 D:\xampp\htdocs\yii\framework\web\CController.php(286): CController->runAction(Object(CInlineAction))
#13 D:\xampp\htdocs\yii\framework\web\CController.php(265): CController->runActionWithFilters(Object(CInlineAction), Array)
#14 D:\xampp\htdocs\yii\framework\web\CWebApplication.php(282): CController->run('login')
#15 D:\xampp\htdocs\yii\framework\web\CWebApplication.php(141): CWebApplication->runController('site/login')
#16 D:\xampp\htdocs\yii\framework\base\CApplication.php(184): CWebApplication->processRequest()
#17 D:\xampp\htdocs\yii\hososv\index.php(13): CApplication->run()
#18 {main}
REQUEST_URI=/yii/hososv/index.php?r=site/login
---
2015/03/18 18:03:13 [error] [exception.CException] exception 'CException' with message 'Taikhoan and its behaviors do not have a method or closure named "validatePassword".' in D:\xampp\htdocs\yii\framework\base\CComponent.php:266
Stack trace:
#0 D:\xampp\htdocs\yii\framework\db\ar\CActiveRecord.php(227): CComponent->__call('validatePasswor...', Array)
#1 D:\xampp\htdocs\yii\hososv\protected\components\UserIdentity.php(50): CActiveRecord->__call('validatePasswor...', Array)
#2 D:\xampp\htdocs\yii\hososv\protected\components\UserIdentity.php(50): Taikhoan->validatePassword('123')
#3 D:\xampp\htdocs\yii\hososv\protected\models\LoginForm.php(52): UserIdentity->authenticate()
#4 D:\xampp\htdocs\yii\framework\validators\CInlineValidator.php(42): LoginForm->authenticate('$mat_khau', Array)
#5 D:\xampp\htdocs\yii\framework\validators\CValidator.php(201): CInlineValidator->validateAttribute(Object(LoginForm), '$mat_khau')
#6 D:\xampp\htdocs\yii\framework\base\CModel.php(159): CValidator->validate(Object(LoginForm), NULL)
#7 D:\xampp\htdocs\yii\hososv\protected\controllers\SiteController.php(94): CModel->validate()
#8 D:\xampp\htdocs\yii\framework\web\actions\CInlineAction.php(49): SiteController->actionLogin()
#9 D:\xampp\htdocs\yii\framework\web\CController.php(308): CInlineAction->runWithParams(Array)
#10 D:\xampp\htdocs\yii\framework\web\CController.php(286): CController->runAction(Object(CInlineAction))
#11 D:\xampp\htdocs\yii\framework\web\CController.php(265): CController->runActionWithFilters(Object(CInlineAction), Array)
#12 D:\xampp\htdocs\yii\framework\web\CWebApplication.php(282): CController->run('login')
#13 D:\xampp\htdocs\yii\framework\web\CWebApplication.php(141): CWebApplication->runController('site/login')
#14 D:\xampp\htdocs\yii\framework\base\CApplication.php(184): CWebApplication->processRequest()
#15 D:\xampp\htdocs\yii\hososv\index.php(13): CApplication->run()
#16 {main}
REQUEST_URI=/yii/hososv/index.php?r=site/login
HTTP_REFERER=http://localhost:8080/yii/hososv/index.php?r=site/login
---
2015/03/18 18:04:08 [error] [exception.CException] exception 'CException' with message 'Taikhoan and its behaviors do not have a method or closure named "validatePassword".' in D:\xampp\htdocs\yii\framework\base\CComponent.php:266
Stack trace:
#0 D:\xampp\htdocs\yii\framework\db\ar\CActiveRecord.php(227): CComponent->__call('validatePasswor...', Array)
#1 D:\xampp\htdocs\yii\hososv\protected\components\UserIdentity.php(50): CActiveRecord->__call('validatePasswor...', Array)
#2 D:\xampp\htdocs\yii\hososv\protected\components\UserIdentity.php(50): Taikhoan->validatePassword('123')
#3 D:\xampp\htdocs\yii\hososv\protected\models\LoginForm.php(52): UserIdentity->authenticate()
#4 D:\xampp\htdocs\yii\framework\validators\CInlineValidator.php(42): LoginForm->authenticate('$mat_khau', Array)
#5 D:\xampp\htdocs\yii\framework\validators\CValidator.php(201): CInlineValidator->validateAttribute(Object(LoginForm), '$mat_khau')
#6 D:\xampp\htdocs\yii\framework\base\CModel.php(159): CValidator->validate(Object(LoginForm), NULL)
#7 D:\xampp\htdocs\yii\hososv\protected\controllers\SiteController.php(94): CModel->validate()
#8 D:\xampp\htdocs\yii\framework\web\actions\CInlineAction.php(49): SiteController->actionLogin()
#9 D:\xampp\htdocs\yii\framework\web\CController.php(308): CInlineAction->runWithParams(Array)
#10 D:\xampp\htdocs\yii\framework\web\CController.php(286): CController->runAction(Object(CInlineAction))
#11 D:\xampp\htdocs\yii\framework\web\CController.php(265): CController->runActionWithFilters(Object(CInlineAction), Array)
#12 D:\xampp\htdocs\yii\framework\web\CWebApplication.php(282): CController->run('login')
#13 D:\xampp\htdocs\yii\framework\web\CWebApplication.php(141): CWebApplication->runController('site/login')
#14 D:\xampp\htdocs\yii\framework\base\CApplication.php(184): CWebApplication->processRequest()
#15 D:\xampp\htdocs\yii\hososv\index.php(13): CApplication->run()
#16 {main}
REQUEST_URI=/yii/hososv/index.php?r=site/login
HTTP_REFERER=http://localhost:8080/yii/hososv/index.php?r=site/login
---
2015/03/18 18:07:20 [error] [exception.CException] exception 'CException' with message 'Taikhoan and its behaviors do not have a method or closure named "hashmat_khau".' in D:\xampp\htdocs\yii\framework\base\CComponent.php:266
Stack trace:
#0 D:\xampp\htdocs\yii\framework\db\ar\CActiveRecord.php(227): CComponent->__call('hashmat_khau', Array)
#1 D:\xampp\htdocs\yii\hososv\protected\models\Taikhoan.php(133): CActiveRecord->__call('hashmat_khau', Array)
#2 D:\xampp\htdocs\yii\hososv\protected\models\Taikhoan.php(133): Taikhoan->hashmat_khau('123456')
#3 D:\xampp\htdocs\yii\framework\db\ar\CActiveRecord.php(1074): Taikhoan->beforeSave()
#4 D:\xampp\htdocs\yii\framework\db\ar\CActiveRecord.php(809): CActiveRecord->insert(NULL)
#5 D:\xampp\htdocs\yii\hososv\protected\controllers\TaikhoanController.php(73): CActiveRecord->save()
#6 D:\xampp\htdocs\yii\framework\web\actions\CInlineAction.php(49): TaikhoanController->actionCreate()
#7 D:\xampp\htdocs\yii\framework\web\CController.php(308): CInlineAction->runWithParams(Array)
#8 D:\xampp\htdocs\yii\framework\web\filters\CFilterChain.php(133): CController->runAction(Object(CInlineAction))
#9 D:\xampp\htdocs\yii\framework\web\filters\CFilter.php(40): CFilterChain->run()
#10 D:\xampp\htdocs\yii\framework\web\CController.php(1145): CFilter->filter(Object(CFilterChain))
#11 D:\xampp\htdocs\yii\framework\web\filters\CInlineFilter.php(58): CController->filterAccessControl(Object(CFilterChain))
#12 D:\xampp\htdocs\yii\framework\web\filters\CFilterChain.php(130): CInlineFilter->filter(Object(CFilterChain))
#13 D:\xampp\htdocs\yii\framework\web\CController.php(291): CFilterChain->run()
#14 D:\xampp\htdocs\yii\framework\web\CController.php(265): CController->runActionWithFilters(Object(CInlineAction), Array)
#15 D:\xampp\htdocs\yii\framework\web\CWebApplication.php(282): CController->run('create')
#16 D:\xampp\htdocs\yii\framework\web\CWebApplication.php(141): CWebApplication->runController('taikhoan/create')
#17 D:\xampp\htdocs\yii\framework\base\CApplication.php(184): CWebApplication->processRequest()
#18 D:\xampp\htdocs\yii\hososv\index.php(13): CApplication->run()
#19 {main}
REQUEST_URI=/yii/hososv/index.php?r=taikhoan/create
HTTP_REFERER=http://localhost:8080/yii/hososv/index.php?r=taikhoan/create
---
2015/03/18 18:09:01 [error] [exception.CException] exception 'CException' with message 'Property "Taikhoan.id" is not defined.' in D:\xampp\htdocs\yii\framework\base\CComponent.php:130
Stack trace:
#0 D:\xampp\htdocs\yii\framework\db\ar\CActiveRecord.php(145): CComponent->__get('id')
#1 D:\xampp\htdocs\yii\hososv\protected\components\UserIdentity.php(55): CActiveRecord->__get('id')
#2 D:\xampp\htdocs\yii\hososv\protected\models\LoginForm.php(52): UserIdentity->authenticate()
#3 D:\xampp\htdocs\yii\framework\validators\CInlineValidator.php(42): LoginForm->authenticate('$mat_khau', Array)
#4 D:\xampp\htdocs\yii\framework\validators\CValidator.php(201): CInlineValidator->validateAttribute(Object(LoginForm), '$mat_khau')
#5 D:\xampp\htdocs\yii\framework\base\CModel.php(159): CValidator->validate(Object(LoginForm), NULL)
#6 D:\xampp\htdocs\yii\hososv\protected\controllers\SiteController.php(94): CModel->validate()
#7 D:\xampp\htdocs\yii\framework\web\actions\CInlineAction.php(49): SiteController->actionLogin()
#8 D:\xampp\htdocs\yii\framework\web\CController.php(308): CInlineAction->runWithParams(Array)
#9 D:\xampp\htdocs\yii\framework\web\CController.php(286): CController->runAction(Object(CInlineAction))
#10 D:\xampp\htdocs\yii\framework\web\CController.php(265): CController->runActionWithFilters(Object(CInlineAction), Array)
#11 D:\xampp\htdocs\yii\framework\web\CWebApplication.php(282): CController->run('login')
#12 D:\xampp\htdocs\yii\framework\web\CWebApplication.php(141): CWebApplication->runController('site/login')
#13 D:\xampp\htdocs\yii\framework\base\CApplication.php(184): CWebApplication->processRequest()
#14 D:\xampp\htdocs\yii\hososv\index.php(13): CApplication->run()
#15 {main}
REQUEST_URI=/yii/hososv/index.php?r=site/login
HTTP_REFERER=http://localhost:8080/yii/hososv/index.php?r=site/login
---
2015/03/19 17:38:10 [error] [exception.CException] exception 'CException' with message 'Taikhoan has an invalid validation rule. The rule must specify attributes to be validated and the validator name.' in D:\xampp\htdocs\yii\framework\base\CModel.php:289
Stack trace:
#0 D:\xampp\htdocs\yii\framework\base\CModel.php(260): CModel->createValidators()
#1 D:\xampp\htdocs\yii\framework\base\CModel.php(304): CModel->getValidators('email')
#2 D:\xampp\htdocs\yii\framework\web\helpers\CHtml.php(1513): CModel->isAttributeRequired('email')
#3 D:\xampp\htdocs\yii\framework\web\widgets\CActiveForm.php(600): CHtml::activeLabelEx(Object(Taikhoan), 'email', Array)
#4 D:\xampp\htdocs\yii\hososv\protected\views\taikhoan\_form.php(23): CActiveForm->labelEx(Object(Taikhoan), 'email')
#5 D:\xampp\htdocs\yii\framework\web\CBaseController.php(126): require('D:\\xampp\\htdocs...')
#6 D:\xampp\htdocs\yii\framework\web\CBaseController.php(95): CBaseController->renderInternal('D:\\xampp\\htdocs...', Array, true)
#7 D:\xampp\htdocs\yii\framework\web\CController.php(869): CBaseController->renderFile('D:\\xampp\\htdocs...', Array, true)
#8 D:\xampp\htdocs\yii\hososv\protected\views\taikhoan\create.php(18): CController->renderPartial('_form', Array)
#9 D:\xampp\htdocs\yii\framework\web\CBaseController.php(126): require('D:\\xampp\\htdocs...')
#10 D:\xampp\htdocs\yii\framework\web\CBaseController.php(95): CBaseController->renderInternal('D:\\xampp\\htdocs...', Array, true)
#11 D:\xampp\htdocs\yii\framework\web\CController.php(869): CBaseController->renderFile('D:\\xampp\\htdocs...', Array, true)
#12 D:\xampp\htdocs\yii\framework\web\CController.php(782): CController->renderPartial('create', Array, true)
#13 D:\xampp\htdocs\yii\hososv\protected\controllers\TaikhoanController.php(79): CController->render('create', Array)
#14 D:\xampp\htdocs\yii\framework\web\actions\CInlineAction.php(49): TaikhoanController->actionCreate()
#15 D:\xampp\htdocs\yii\framework\web\CController.php(308): CInlineAction->runWithParams(Array)
#16 D:\xampp\htdocs\yii\framework\web\filters\CFilterChain.php(133): CController->runAction(Object(CInlineAction))
#17 D:\xampp\htdocs\yii\framework\web\filters\CFilter.php(40): CFilterChain->run()
#18 D:\xampp\htdocs\yii\framework\web\CController.php(1145): CFilter->filter(Object(CFilterChain))
#19 D:\xampp\htdocs\yii\framework\web\filters\CInlineFilter.php(58): CController->filterAccessControl(Object(CFilterChain))
#20 D:\xampp\htdocs\yii\framework\web\filters\CFilterChain.php(130): CInlineFilter->filter(Object(CFilterChain))
#21 D:\xampp\htdocs\yii\framework\web\CController.php(291): CFilterChain->run()
#22 D:\xampp\htdocs\yii\framework\web\CController.php(265): CController->runActionWithFilters(Object(CInlineAction), Array)
#23 D:\xampp\htdocs\yii\framework\web\CWebApplication.php(282): CController->run('Create')
#24 D:\xampp\htdocs\yii\framework\web\CWebApplication.php(141): CWebApplication->runController('Taikhoan/Create')
#25 D:\xampp\htdocs\yii\framework\base\CApplication.php(184): CWebApplication->processRequest()
#26 D:\xampp\htdocs\yii\hososv\index.php(13): CApplication->run()
#27 {main}
REQUEST_URI=/yii/hososv/index.php?r=Taikhoan/Create
---
2015/03/19 17:38:20 [error] [exception.CException] exception 'CException' with message 'Taikhoan has an invalid validation rule. The rule must specify attributes to be validated and the validator name.' in D:\xampp\htdocs\yii\framework\base\CModel.php:289
Stack trace:
#0 D:\xampp\htdocs\yii\framework\base\CModel.php(260): CModel->createValidators()
#1 D:\xampp\htdocs\yii\framework\base\CModel.php(304): CModel->getValidators('email')
#2 D:\xampp\htdocs\yii\framework\web\helpers\CHtml.php(1513): CModel->isAttributeRequired('email')
#3 D:\xampp\htdocs\yii\framework\web\widgets\CActiveForm.php(600): CHtml::activeLabelEx(Object(Taikhoan), 'email', Array)
#4 D:\xampp\htdocs\yii\hososv\protected\views\taikhoan\_form.php(23): CActiveForm->labelEx(Object(Taikhoan), 'email')
#5 D:\xampp\htdocs\yii\framework\web\CBaseController.php(126): require('D:\\xampp\\htdocs...')
#6 D:\xampp\htdocs\yii\framework\web\CBaseController.php(95): CBaseController->renderInternal('D:\\xampp\\htdocs...', Array, true)
#7 D:\xampp\htdocs\yii\framework\web\CController.php(869): CBaseController->renderFile('D:\\xampp\\htdocs...', Array, true)
#8 D:\xampp\htdocs\yii\hososv\protected\views\taikhoan\create.php(18): CController->renderPartial('_form', Array)
#9 D:\xampp\htdocs\yii\framework\web\CBaseController.php(126): require('D:\\xampp\\htdocs...')
#10 D:\xampp\htdocs\yii\framework\web\CBaseController.php(95): CBaseController->renderInternal('D:\\xampp\\htdocs...', Array, true)
#11 D:\xampp\htdocs\yii\framework\web\CController.php(869): CBaseController->renderFile('D:\\xampp\\htdocs...', Array, true)
#12 D:\xampp\htdocs\yii\framework\web\CController.php(782): CController->renderPartial('create', Array, true)
#13 D:\xampp\htdocs\yii\hososv\protected\controllers\TaikhoanController.php(79): CController->render('create', Array)
#14 D:\xampp\htdocs\yii\framework\web\actions\CInlineAction.php(49): TaikhoanController->actionCreate()
#15 D:\xampp\htdocs\yii\framework\web\CController.php(308): CInlineAction->runWithParams(Array)
#16 D:\xampp\htdocs\yii\framework\web\filters\CFilterChain.php(133): CController->runAction(Object(CInlineAction))
#17 D:\xampp\htdocs\yii\framework\web\filters\CFilter.php(40): CFilterChain->run()
#18 D:\xampp\htdocs\yii\framework\web\CController.php(1145): CFilter->filter(Object(CFilterChain))
#19 D:\xampp\htdocs\yii\framework\web\filters\CInlineFilter.php(58): CController->filterAccessControl(Object(CFilterChain))
#20 D:\xampp\htdocs\yii\framework\web\filters\CFilterChain.php(130): CInlineFilter->filter(Object(CFilterChain))
#21 D:\xampp\htdocs\yii\framework\web\CController.php(291): CFilterChain->run()
#22 D:\xampp\htdocs\yii\framework\web\CController.php(265): CController->runActionWithFilters(Object(CInlineAction), Array)
#23 D:\xampp\htdocs\yii\framework\web\CWebApplication.php(282): CController->run('Create')
#24 D:\xampp\htdocs\yii\framework\web\CWebApplication.php(141): CWebApplication->runController('Taikhoan/Create')
#25 D:\xampp\htdocs\yii\framework\base\CApplication.php(184): CWebApplication->processRequest()
#26 D:\xampp\htdocs\yii\hososv\index.php(13): CApplication->run()
#27 {main}
REQUEST_URI=/yii/hososv/index.php?r=Taikhoan/Create
HTTP_REFERER=http://localhost:8080/yii/hososv/index.php
---
2015/03/19 17:38:57 [error] [exception.CException] exception 'CException' with message 'Taikhoan has an invalid validation rule. The rule must specify attributes to be validated and the validator name.' in D:\xampp\htdocs\yii\framework\base\CModel.php:289
Stack trace:
#0 D:\xampp\htdocs\yii\framework\base\CModel.php(260): CModel->createValidators()
#1 D:\xampp\htdocs\yii\framework\base\CModel.php(304): CModel->getValidators('email')
#2 D:\xampp\htdocs\yii\framework\web\helpers\CHtml.php(1513): CModel->isAttributeRequired('email')
#3 D:\xampp\htdocs\yii\framework\web\widgets\CActiveForm.php(600): CHtml::activeLabelEx(Object(Taikhoan), 'email', Array)
#4 D:\xampp\htdocs\yii\hososv\protected\views\taikhoan\_form.php(23): CActiveForm->labelEx(Object(Taikhoan), 'email')
#5 D:\xampp\htdocs\yii\framework\web\CBaseController.php(126): require('D:\\xampp\\htdocs...')
#6 D:\xampp\htdocs\yii\framework\web\CBaseController.php(95): CBaseController->renderInternal('D:\\xampp\\htdocs...', Array, true)
#7 D:\xampp\htdocs\yii\framework\web\CController.php(869): CBaseController->renderFile('D:\\xampp\\htdocs...', Array, true)
#8 D:\xampp\htdocs\yii\hososv\protected\views\taikhoan\create.php(18): CController->renderPartial('_form', Array)
#9 D:\xampp\htdocs\yii\framework\web\CBaseController.php(126): require('D:\\xampp\\htdocs...')
#10 D:\xampp\htdocs\yii\framework\web\CBaseController.php(95): CBaseController->renderInternal('D:\\xampp\\htdocs...', Array, true)
#11 D:\xampp\htdocs\yii\framework\web\CController.php(869): CBaseController->renderFile('D:\\xampp\\htdocs...', Array, true)
#12 D:\xampp\htdocs\yii\framework\web\CController.php(782): CController->renderPartial('create', Array, true)
#13 D:\xampp\htdocs\yii\hososv\protected\controllers\TaikhoanController.php(79): CController->render('create', Array)
#14 D:\xampp\htdocs\yii\framework\web\actions\CInlineAction.php(49): TaikhoanController->actionCreate()
#15 D:\xampp\htdocs\yii\framework\web\CController.php(308): CInlineAction->runWithParams(Array)
#16 D:\xampp\htdocs\yii\framework\web\filters\CFilterChain.php(133): CController->runAction(Object(CInlineAction))
#17 D:\xampp\htdocs\yii\framework\web\filters\CFilter.php(40): CFilterChain->run()
#18 D:\xampp\htdocs\yii\framework\web\CController.php(1145): CFilter->filter(Object(CFilterChain))
#19 D:\xampp\htdocs\yii\framework\web\filters\CInlineFilter.php(58): CController->filterAccessControl(Object(CFilterChain))
#20 D:\xampp\htdocs\yii\framework\web\filters\CFilterChain.php(130): CInlineFilter->filter(Object(CFilterChain))
#21 D:\xampp\htdocs\yii\framework\web\CController.php(291): CFilterChain->run()
#22 D:\xampp\htdocs\yii\framework\web\CController.php(265): CController->runActionWithFilters(Object(CInlineAction), Array)
#23 D:\xampp\htdocs\yii\framework\web\CWebApplication.php(282): CController->run('Create')
#24 D:\xampp\htdocs\yii\framework\web\CWebApplication.php(141): CWebApplication->runController('Taikhoan/Create')
#25 D:\xampp\htdocs\yii\framework\base\CApplication.php(184): CWebApplication->processRequest()
#26 D:\xampp\htdocs\yii\hososv\index.php(13): CApplication->run()
#27 {main}
REQUEST_URI=/yii/hososv/index.php?r=Taikhoan/Create
---
2015/03/19 17:39:29 [error] [exception.CException] exception 'CException' with message 'Taikhoan has an invalid validation rule. The rule must specify attributes to be validated and the validator name.' in D:\xampp\htdocs\yii\framework\base\CModel.php:289
Stack trace:
#0 D:\xampp\htdocs\yii\framework\base\CModel.php(260): CModel->createValidators()
#1 D:\xampp\htdocs\yii\framework\base\CModel.php(304): CModel->getValidators('email')
#2 D:\xampp\htdocs\yii\framework\web\helpers\CHtml.php(1513): CModel->isAttributeRequired('email')
#3 D:\xampp\htdocs\yii\framework\web\widgets\CActiveForm.php(600): CHtml::activeLabelEx(Object(Taikhoan), 'email', Array)
#4 D:\xampp\htdocs\yii\hososv\protected\views\taikhoan\_form.php(23): CActiveForm->labelEx(Object(Taikhoan), 'email')
#5 D:\xampp\htdocs\yii\framework\web\CBaseController.php(126): require('D:\\xampp\\htdocs...')
#6 D:\xampp\htdocs\yii\framework\web\CBaseController.php(95): CBaseController->renderInternal('D:\\xampp\\htdocs...', Array, true)
#7 D:\xampp\htdocs\yii\framework\web\CController.php(869): CBaseController->renderFile('D:\\xampp\\htdocs...', Array, true)
#8 D:\xampp\htdocs\yii\hososv\protected\views\taikhoan\create.php(18): CController->renderPartial('_form', Array)
#9 D:\xampp\htdocs\yii\framework\web\CBaseController.php(126): require('D:\\xampp\\htdocs...')
#10 D:\xampp\htdocs\yii\framework\web\CBaseController.php(95): CBaseController->renderInternal('D:\\xampp\\htdocs...', Array, true)
#11 D:\xampp\htdocs\yii\framework\web\CController.php(869): CBaseController->renderFile('D:\\xampp\\htdocs...', Array, true)
#12 D:\xampp\htdocs\yii\framework\web\CController.php(782): CController->renderPartial('create', Array, true)
#13 D:\xampp\htdocs\yii\hososv\protected\controllers\TaikhoanController.php(79): CController->render('create', Array)
#14 D:\xampp\htdocs\yii\framework\web\actions\CInlineAction.php(49): TaikhoanController->actionCreate()
#15 D:\xampp\htdocs\yii\framework\web\CController.php(308): CInlineAction->runWithParams(Array)
#16 D:\xampp\htdocs\yii\framework\web\filters\CFilterChain.php(133): CController->runAction(Object(CInlineAction))
#17 D:\xampp\htdocs\yii\framework\web\filters\CFilter.php(40): CFilterChain->run()
#18 D:\xampp\htdocs\yii\framework\web\CController.php(1145): CFilter->filter(Object(CFilterChain))
#19 D:\xampp\htdocs\yii\framework\web\filters\CInlineFilter.php(58): CController->filterAccessControl(Object(CFilterChain))
#20 D:\xampp\htdocs\yii\framework\web\filters\CFilterChain.php(130): CInlineFilter->filter(Object(CFilterChain))
#21 D:\xampp\htdocs\yii\framework\web\CController.php(291): CFilterChain->run()
#22 D:\xampp\htdocs\yii\framework\web\CController.php(265): CController->runActionWithFilters(Object(CInlineAction), Array)
#23 D:\xampp\htdocs\yii\framework\web\CWebApplication.php(282): CController->run('Create')
#24 D:\xampp\htdocs\yii\framework\web\CWebApplication.php(141): CWebApplication->runController('Taikhoan/Create')
#25 D:\xampp\htdocs\yii\framework\base\CApplication.php(184): CWebApplication->processRequest()
#26 D:\xampp\htdocs\yii\hososv\index.php(13): CApplication->run()
#27 {main}
REQUEST_URI=/yii/hososv/index.php?r=Taikhoan/Create
---
2015/03/19 17:40:11 [error] [exception.CException] exception 'CException' with message 'Taikhoan has an invalid validation rule. The rule must specify attributes to be validated and the validator name.' in D:\xampp\htdocs\yii\framework\base\CModel.php:289
Stack trace:
#0 D:\xampp\htdocs\yii\framework\base\CModel.php(260): CModel->createValidators()
#1 D:\xampp\htdocs\yii\framework\base\CModel.php(304): CModel->getValidators('email')
#2 D:\xampp\htdocs\yii\framework\web\helpers\CHtml.php(1513): CModel->isAttributeRequired('email')
#3 D:\xampp\htdocs\yii\framework\web\widgets\CActiveForm.php(600): CHtml::activeLabelEx(Object(Taikhoan), 'email', Array)
#4 D:\xampp\htdocs\yii\hososv\protected\views\taikhoan\_form.php(23): CActiveForm->labelEx(Object(Taikhoan), 'email')
#5 D:\xampp\htdocs\yii\framework\web\CBaseController.php(126): require('D:\\xampp\\htdocs...')
#6 D:\xampp\htdocs\yii\framework\web\CBaseController.php(95): CBaseController->renderInternal('D:\\xampp\\htdocs...', Array, true)
#7 D:\xampp\htdocs\yii\framework\web\CController.php(869): CBaseController->renderFile('D:\\xampp\\htdocs...', Array, true)
#8 D:\xampp\htdocs\yii\hososv\protected\views\taikhoan\create.php(18): CController->renderPartial('_form', Array)
#9 D:\xampp\htdocs\yii\framework\web\CBaseController.php(126): require('D:\\xampp\\htdocs...')
#10 D:\xampp\htdocs\yii\framework\web\CBaseController.php(95): CBaseController->renderInternal('D:\\xampp\\htdocs...', Array, true)
#11 D:\xampp\htdocs\yii\framework\web\CController.php(869): CBaseController->renderFile('D:\\xampp\\htdocs...', Array, true)
#12 D:\xampp\htdocs\yii\framework\web\CController.php(782): CController->renderPartial('create', Array, true)
#13 D:\xampp\htdocs\yii\hososv\protected\controllers\TaikhoanController.php(79): CController->render('create', Array)
#14 D:\xampp\htdocs\yii\framework\web\actions\CInlineAction.php(49): TaikhoanController->actionCreate()
#15 D:\xampp\htdocs\yii\framework\web\CController.php(308): CInlineAction->runWithParams(Array)
#16 D:\xampp\htdocs\yii\framework\web\filters\CFilterChain.php(133): CController->runAction(Object(CInlineAction))
#17 D:\xampp\htdocs\yii\framework\web\filters\CFilter.php(40): CFilterChain->run()
#18 D:\xampp\htdocs\yii\framework\web\CController.php(1145): CFilter->filter(Object(CFilterChain))
#19 D:\xampp\htdocs\yii\framework\web\filters\CInlineFilter.php(58): CController->filterAccessControl(Object(CFilterChain))
#20 D:\xampp\htdocs\yii\framework\web\filters\CFilterChain.php(130): CInlineFilter->filter(Object(CFilterChain))
#21 D:\xampp\htdocs\yii\framework\web\CController.php(291): CFilterChain->run()
#22 D:\xampp\htdocs\yii\framework\web\CController.php(265): CController->runActionWithFilters(Object(CInlineAction), Array)
#23 D:\xampp\htdocs\yii\framework\web\CWebApplication.php(282): CController->run('Create')
#24 D:\xampp\htdocs\yii\framework\web\CWebApplication.php(141): CWebApplication->runController('Taikhoan/Create')
#25 D:\xampp\htdocs\yii\framework\base\CApplication.php(184): CWebApplication->processRequest()
#26 D:\xampp\htdocs\yii\hososv\index.php(13): CApplication->run()
#27 {main}
REQUEST_URI=/yii/hososv/index.php?r=Taikhoan/Create
---
2015/03/19 17:49:52 [error] [exception.CHttpException.403] exception 'CHttpException' with message 'You are not authorized to perform this action.' in D:\xampp\htdocs\yii\framework\web\auth\CAccessControlFilter.php:182
Stack trace:
#0 D:\xampp\htdocs\yii\framework\web\auth\CAccessControlFilter.php(145): CAccessControlFilter->accessDenied(Object(CWebUser), 'You are not aut...')
#1 D:\xampp\htdocs\yii\framework\web\filters\CFilter.php(38): CAccessControlFilter->preFilter(Object(CFilterChain))
#2 D:\xampp\htdocs\yii\framework\web\CController.php(1145): CFilter->filter(Object(CFilterChain))
#3 D:\xampp\htdocs\yii\framework\web\filters\CInlineFilter.php(58): CController->filterAccessControl(Object(CFilterChain))
#4 D:\xampp\htdocs\yii\framework\web\filters\CFilterChain.php(130): CInlineFilter->filter(Object(CFilterChain))
#5 D:\xampp\htdocs\yii\framework\web\CController.php(291): CFilterChain->run()
#6 D:\xampp\htdocs\yii\framework\web\CController.php(265): CController->runActionWithFilters(Object(CInlineAction), Array)
#7 D:\xampp\htdocs\yii\framework\web\CWebApplication.php(282): CController->run('admin')
#8 D:\xampp\htdocs\yii\framework\web\CWebApplication.php(141): CWebApplication->runController('taikhoan/admin')
#9 D:\xampp\htdocs\yii\framework\base\CApplication.php(184): CWebApplication->processRequest()
#10 D:\xampp\htdocs\yii\hososv\index.php(13): CApplication->run()
#11 {main}
REQUEST_URI=/yii/hososv/index.php?r=taikhoan/admin
HTTP_REFERER=http://localhost:8080/yii/hososv/index.php?r=site/login
---
2015/03/19 18:01:43 [error] [exception.CHttpException.403] exception 'CHttpException' with message 'You are not authorized to perform this action.' in D:\xampp\htdocs\yii\framework\web\auth\CAccessControlFilter.php:182
Stack trace:
#0 D:\xampp\htdocs\yii\framework\web\auth\CAccessControlFilter.php(145): CAccessControlFilter->accessDenied(Object(CWebUser), 'You are not aut...')
#1 D:\xampp\htdocs\yii\framework\web\filters\CFilter.php(38): CAccessControlFilter->preFilter(Object(CFilterChain))
#2 D:\xampp\htdocs\yii\framework\web\CController.php(1145): CFilter->filter(Object(CFilterChain))
#3 D:\xampp\htdocs\yii\framework\web\filters\CInlineFilter.php(58): CController->filterAccessControl(Object(CFilterChain))
#4 D:\xampp\htdocs\yii\framework\web\filters\CFilterChain.php(130): CInlineFilter->filter(Object(CFilterChain))
#5 D:\xampp\htdocs\yii\framework\web\CController.php(291): CFilterChain->run()
#6 D:\xampp\htdocs\yii\framework\web\CController.php(265): CController->runActionWithFilters(Object(CInlineAction), Array)
#7 D:\xampp\htdocs\yii\framework\web\CWebApplication.php(282): CController->run('admin')
#8 D:\xampp\htdocs\yii\framework\web\CWebApplication.php(141): CWebApplication->runController('taikhoan/admin')
#9 D:\xampp\htdocs\yii\framework\base\CApplication.php(184): CWebApplication->processRequest()
#10 D:\xampp\htdocs\yii\hososv\index.php(13): CApplication->run()
#11 {main}
REQUEST_URI=/yii/hososv/index.php?r=taikhoan/admin
HTTP_REFERER=http://localhost:8080/yii/hososv/index.php?r=taikhoan/create
---
2015/03/19 18:07:04 [error] [exception.CException] exception 'CException' with message 'TaikhoanController cannot find the requested view "about".' in D:\xampp\htdocs\yii\framework\web\CController.php:878
Stack trace:
#0 D:\xampp\htdocs\yii\framework\web\CController.php(782): CController->renderPartial('about', Array, true)
#1 D:\xampp\htdocs\yii\hososv\protected\controllers\TaikhoanController.php(79): CController->render('about', Array)
#2 D:\xampp\htdocs\yii\framework\web\actions\CInlineAction.php(49): TaikhoanController->actionCreate()
#3 D:\xampp\htdocs\yii\framework\web\CController.php(308): CInlineAction->runWithParams(Array)
#4 D:\xampp\htdocs\yii\framework\web\filters\CFilterChain.php(133): CController->runAction(Object(CInlineAction))
#5 D:\xampp\htdocs\yii\framework\web\filters\CFilter.php(40): CFilterChain->run()
#6 D:\xampp\htdocs\yii\framework\web\CController.php(1145): CFilter->filter(Object(CFilterChain))
#7 D:\xampp\htdocs\yii\framework\web\filters\CInlineFilter.php(58): CController->filterAccessControl(Object(CFilterChain))
#8 D:\xampp\htdocs\yii\framework\web\filters\CFilterChain.php(130): CInlineFilter->filter(Object(CFilterChain))
#9 D:\xampp\htdocs\yii\framework\web\CController.php(291): CFilterChain->run()
#10 D:\xampp\htdocs\yii\framework\web\CController.php(265): CController->runActionWithFilters(Object(CInlineAction), Array)
#11 D:\xampp\htdocs\yii\framework\web\CWebApplication.php(282): CController->run('Create')
#12 D:\xampp\htdocs\yii\framework\web\CWebApplication.php(141): CWebApplication->runController('Taikhoan/Create')
#13 D:\xampp\htdocs\yii\framework\base\CApplication.php(184): CWebApplication->processRequest()
#14 D:\xampp\htdocs\yii\hososv\index.php(13): CApplication->run()
#15 {main}
REQUEST_URI=/yii/hososv/index.php?r=Taikhoan/Create
HTTP_REFERER=http://localhost:8080/yii/hososv/index.php?r=site/page&view=about
---
2015/03/19 18:13:05 [error] [exception.CHttpException.403] exception 'CHttpException' with message 'You are not authorized to perform this action.' in D:\xampp\htdocs\yii\framework\web\auth\CAccessControlFilter.php:182
Stack trace:
#0 D:\xampp\htdocs\yii\framework\web\auth\CAccessControlFilter.php(145): CAccessControlFilter->accessDenied(Object(CWebUser), 'You are not aut...')
#1 D:\xampp\htdocs\yii\framework\web\filters\CFilter.php(38): CAccessControlFilter->preFilter(Object(CFilterChain))
#2 D:\xampp\htdocs\yii\framework\web\CController.php(1145): CFilter->filter(Object(CFilterChain))
#3 D:\xampp\htdocs\yii\framework\web\filters\CInlineFilter.php(58): CController->filterAccessControl(Object(CFilterChain))
#4 D:\xampp\htdocs\yii\framework\web\filters\CFilterChain.php(130): CInlineFilter->filter(Object(CFilterChain))
#5 D:\xampp\htdocs\yii\framework\web\CController.php(291): CFilterChain->run()
#6 D:\xampp\htdocs\yii\framework\web\CController.php(265): CController->runActionWithFilters(Object(CInlineAction), Array)
#7 D:\xampp\htdocs\yii\framework\web\CWebApplication.php(282): CController->run('admin')
#8 D:\xampp\htdocs\yii\framework\web\CWebApplication.php(141): CWebApplication->runController('taikhoan/admin')
#9 D:\xampp\htdocs\yii\framework\base\CApplication.php(184): CWebApplication->processRequest()
#10 D:\xampp\htdocs\yii\hososv\index.php(13): CApplication->run()
#11 {main}
REQUEST_URI=/yii/hososv/index.php?r=taikhoan/admin
HTTP_REFERER=http://localhost:8080/yii/hososv/index.php?r=site/login
---
2015/03/19 18:13:07 [error] [exception.CHttpException.403] exception 'CHttpException' with message 'You are not authorized to perform this action.' in D:\xampp\htdocs\yii\framework\web\auth\CAccessControlFilter.php:182
Stack trace:
#0 D:\xampp\htdocs\yii\framework\web\auth\CAccessControlFilter.php(145): CAccessControlFilter->accessDenied(Object(CWebUser), 'You are not aut...')
#1 D:\xampp\htdocs\yii\framework\web\filters\CFilter.php(38): CAccessControlFilter->preFilter(Object(CFilterChain))
#2 D:\xampp\htdocs\yii\framework\web\CController.php(1145): CFilter->filter(Object(CFilterChain))
#3 D:\xampp\htdocs\yii\framework\web\filters\CInlineFilter.php(58): CController->filterAccessControl(Object(CFilterChain))
#4 D:\xampp\htdocs\yii\framework\web\filters\CFilterChain.php(130): CInlineFilter->filter(Object(CFilterChain))
#5 D:\xampp\htdocs\yii\framework\web\CController.php(291): CFilterChain->run()
#6 D:\xampp\htdocs\yii\framework\web\CController.php(265): CController->runActionWithFilters(Object(CInlineAction), Array)
#7 D:\xampp\htdocs\yii\framework\web\CWebApplication.php(282): CController->run('about')
#8 D:\xampp\htdocs\yii\framework\web\CWebApplication.php(141): CWebApplication->runController('Taikhoan/about')
#9 D:\xampp\htdocs\yii\framework\base\CApplication.php(184): CWebApplication->processRequest()
#10 D:\xampp\htdocs\yii\hososv\index.php(13): CApplication->run()
#11 {main}
REQUEST_URI=/yii/hososv/index.php?r=Taikhoan/about
HTTP_REFERER=http://localhost:8080/yii/hososv/index.php?r=taikhoan/admin
---
2015/03/19 18:13:15 [error] [exception.CHttpException.403] exception 'CHttpException' with message 'You are not authorized to perform this action.' in D:\xampp\htdocs\yii\framework\web\auth\CAccessControlFilter.php:182
Stack trace:
#0 D:\xampp\htdocs\yii\framework\web\auth\CAccessControlFilter.php(145): CAccessControlFilter->accessDenied(Object(CWebUser), 'You are not aut...')
#1 D:\xampp\htdocs\yii\framework\web\filters\CFilter.php(38): CAccessControlFilter->preFilter(Object(CFilterChain))
#2 D:\xampp\htdocs\yii\framework\web\CController.php(1145): CFilter->filter(Object(CFilterChain))
#3 D:\xampp\htdocs\yii\framework\web\filters\CInlineFilter.php(58): CController->filterAccessControl(Object(CFilterChain))
#4 D:\xampp\htdocs\yii\framework\web\filters\CFilterChain.php(130): CInlineFilter->filter(Object(CFilterChain))
#5 D:\xampp\htdocs\yii\framework\web\CController.php(291): CFilterChain->run()
#6 D:\xampp\htdocs\yii\framework\web\CController.php(265): CController->runActionWithFilters(Object(CInlineAction), Array)
#7 D:\xampp\htdocs\yii\framework\web\CWebApplication.php(282): CController->run('about')
#8 D:\xampp\htdocs\yii\framework\web\CWebApplication.php(141): CWebApplication->runController('Taikhoan/about')
#9 D:\xampp\htdocs\yii\framework\base\CApplication.php(184): CWebApplication->processRequest()
#10 D:\xampp\htdocs\yii\hososv\index.php(13): CApplication->run()
#11 {main}
REQUEST_URI=/yii/hososv/index.php?r=Taikhoan/about
HTTP_REFERER=http://localhost:8080/yii/hososv/index.php?r=site/contact
---
2015/03/19 18:13:37 [error] [exception.CHttpException.403] exception 'CHttpException' with message 'You are not authorized to perform this action.' in D:\xampp\htdocs\yii\framework\web\auth\CAccessControlFilter.php:182
Stack trace:
#0 D:\xampp\htdocs\yii\framework\web\auth\CAccessControlFilter.php(145): CAccessControlFilter->accessDenied(Object(CWebUser), 'You are not aut...')
#1 D:\xampp\htdocs\yii\framework\web\filters\CFilter.php(38): CAccessControlFilter->preFilter(Object(CFilterChain))
#2 D:\xampp\htdocs\yii\framework\web\CController.php(1145): CFilter->filter(Object(CFilterChain))
#3 D:\xampp\htdocs\yii\framework\web\filters\CInlineFilter.php(58): CController->filterAccessControl(Object(CFilterChain))
#4 D:\xampp\htdocs\yii\framework\web\filters\CFilterChain.php(130): CInlineFilter->filter(Object(CFilterChain))
#5 D:\xampp\htdocs\yii\framework\web\CController.php(291): CFilterChain->run()
#6 D:\xampp\htdocs\yii\framework\web\CController.php(265): CController->runActionWithFilters(Object(CInlineAction), Array)
#7 D:\xampp\htdocs\yii\framework\web\CWebApplication.php(282): CController->run('about')
#8 D:\xampp\htdocs\yii\framework\web\CWebApplication.php(141): CWebApplication->runController('Taikhoan/about')
#9 D:\xampp\htdocs\yii\framework\base\CApplication.php(184): CWebApplication->processRequest()
#10 D:\xampp\htdocs\yii\hososv\index.php(13): CApplication->run()
#11 {main}
REQUEST_URI=/yii/hososv/index.php?r=Taikhoan/about
---
2015/03/19 18:13:49 [error] [exception.CHttpException.403] exception 'CHttpException' with message 'You are not authorized to perform this action.' in D:\xampp\htdocs\yii\framework\web\auth\CAccessControlFilter.php:182
Stack trace:
#0 D:\xampp\htdocs\yii\framework\web\auth\CAccessControlFilter.php(145): CAccessControlFilter->accessDenied(Object(CWebUser), 'You are not aut...')
#1 D:\xampp\htdocs\yii\framework\web\filters\CFilter.php(38): CAccessControlFilter->preFilter(Object(CFilterChain))
#2 D:\xampp\htdocs\yii\framework\web\CController.php(1145): CFilter->filter(Object(CFilterChain))
#3 D:\xampp\htdocs\yii\framework\web\filters\CInlineFilter.php(58): CController->filterAccessControl(Object(CFilterChain))
#4 D:\xampp\htdocs\yii\framework\web\filters\CFilterChain.php(130): CInlineFilter->filter(Object(CFilterChain))
#5 D:\xampp\htdocs\yii\framework\web\CController.php(291): CFilterChain->run()
#6 D:\xampp\htdocs\yii\framework\web\CController.php(265): CController->runActionWithFilters(Object(CInlineAction), Array)
#7 D:\xampp\htdocs\yii\framework\web\CWebApplication.php(282): CController->run('about')
#8 D:\xampp\htdocs\yii\framework\web\CWebApplication.php(141): CWebApplication->runController('Taikhoan/about')
#9 D:\xampp\htdocs\yii\framework\base\CApplication.php(184): CWebApplication->processRequest()
#10 D:\xampp\htdocs\yii\hososv\index.php(13): CApplication->run()
#11 {main}
REQUEST_URI=/yii/hososv/index.php?r=Taikhoan/about
---
2015/03/19 18:14:09 [error] [exception.CHttpException.403] exception 'CHttpException' with message 'You are not authorized to perform this action.' in D:\xampp\htdocs\yii\framework\web\auth\CAccessControlFilter.php:182
Stack trace:
#0 D:\xampp\htdocs\yii\framework\web\auth\CAccessControlFilter.php(145): CAccessControlFilter->accessDenied(Object(CWebUser), 'You are not aut...')
#1 D:\xampp\htdocs\yii\framework\web\filters\CFilter.php(38): CAccessControlFilter->preFilter(Object(CFilterChain))
#2 D:\xampp\htdocs\yii\framework\web\CController.php(1145): CFilter->filter(Object(CFilterChain))
#3 D:\xampp\htdocs\yii\framework\web\filters\CInlineFilter.php(58): CController->filterAccessControl(Object(CFilterChain))
#4 D:\xampp\htdocs\yii\framework\web\filters\CFilterChain.php(130): CInlineFilter->filter(Object(CFilterChain))
#5 D:\xampp\htdocs\yii\framework\web\CController.php(291): CFilterChain->run()
#6 D:\xampp\htdocs\yii\framework\web\CController.php(265): CController->runActionWithFilters(Object(CInlineAction), Array)
#7 D:\xampp\htdocs\yii\framework\web\CWebApplication.php(282): CController->run('about')
#8 D:\xampp\htdocs\yii\framework\web\CWebApplication.php(141): CWebApplication->runController('Taikhoan/about')
#9 D:\xampp\htdocs\yii\framework\base\CApplication.php(184): CWebApplication->processRequest()
#10 D:\xampp\htdocs\yii\hososv\index.php(13): CApplication->run()
#11 {main}
REQUEST_URI=/yii/hososv/index.php?r=Taikhoan/about
---
2015/03/19 18:14:54 [error] [exception.CHttpException.404] exception 'CHttpException' with message 'The system is unable to find the requested action "about".' in D:\xampp\htdocs\yii\framework\web\CController.php:483
Stack trace:
#0 D:\xampp\htdocs\yii\framework\web\CController.php(270): CController->missingAction('about')
#1 D:\xampp\htdocs\yii\framework\web\CWebApplication.php(282): CController->run('about')
#2 D:\xampp\htdocs\yii\framework\web\CWebApplication.php(141): CWebApplication->runController('Taikhoan/about')
#3 D:\xampp\htdocs\yii\framework\base\CApplication.php(184): CWebApplication->processRequest()
#4 D:\xampp\htdocs\yii\hososv\index.php(13): CApplication->run()
#5 {main}
REQUEST_URI=/yii/hososv/index.php?r=Taikhoan/about
HTTP_REFERER=http://localhost:8080/yii/hososv/index.php?r=site/contact
---
2015/03/19 18:15:04 [error] [exception.CHttpException.404] exception 'CHttpException' with message 'The system is unable to find the requested action "about".' in D:\xampp\htdocs\yii\framework\web\CController.php:483
Stack trace:
#0 D:\xampp\htdocs\yii\framework\web\CController.php(270): CController->missingAction('about')
#1 D:\xampp\htdocs\yii\framework\web\CWebApplication.php(282): CController->run('about')
#2 D:\xampp\htdocs\yii\framework\web\CWebApplication.php(141): CWebApplication->runController('Taikhoan/about')
#3 D:\xampp\htdocs\yii\framework\base\CApplication.php(184): CWebApplication->processRequest()
#4 D:\xampp\htdocs\yii\hososv\index.php(13): CApplication->run()
#5 {main}
REQUEST_URI=/yii/hososv/index.php?r=Taikhoan/about
HTTP_REFERER=http://localhost:8080/yii/hososv/index.php?r=site/contact
---
2015/03/20 12:14:10 [error] [exception.CHttpException.403] exception 'CHttpException' with message 'You are not authorized to perform this action.' in D:\xampp\htdocs\yii\framework\web\auth\CAccessControlFilter.php:182
Stack trace:
#0 D:\xampp\htdocs\yii\framework\web\auth\CAccessControlFilter.php(145): CAccessControlFilter->accessDenied(Object(CWebUser), 'You are not aut...')
#1 D:\xampp\htdocs\yii\framework\web\filters\CFilter.php(38): CAccessControlFilter->preFilter(Object(CFilterChain))
#2 D:\xampp\htdocs\yii\framework\web\CController.php(1145): CFilter->filter(Object(CFilterChain))
#3 D:\xampp\htdocs\yii\framework\web\filters\CInlineFilter.php(58): CController->filterAccessControl(Object(CFilterChain))
#4 D:\xampp\htdocs\yii\framework\web\filters\CFilterChain.php(130): CInlineFilter->filter(Object(CFilterChain))
#5 D:\xampp\htdocs\yii\framework\web\CController.php(291): CFilterChain->run()
#6 D:\xampp\htdocs\yii\framework\web\CController.php(265): CController->runActionWithFilters(Object(CInlineAction), Array)
#7 D:\xampp\htdocs\yii\framework\web\CWebApplication.php(282): CController->run('admin')
#8 D:\xampp\htdocs\yii\framework\web\CWebApplication.php(141): CWebApplication->runController('taikhoan/admin')
#9 D:\xampp\htdocs\yii\framework\base\CApplication.php(184): CWebApplication->processRequest()
#10 D:\xampp\htdocs\yii\hososv\index.php(13): CApplication->run()
#11 {main}
REQUEST_URI=/yii/hososv/index.php?r=taikhoan/admin
HTTP_REFERER=http://localhost:8080/yii/hososv/index.php?r=taikhoan/index
---
2015/03/20 12:19:27 [error] [exception.CHttpException.404] exception 'CHttpException' with message 'The requested view "site" was not found.' in D:\xampp\htdocs\yii\framework\web\actions\CViewAction.php:112
Stack trace:
#0 D:\xampp\htdocs\yii\framework\web\actions\CViewAction.php(123): CViewAction->resolveView('site')
#1 D:\xampp\htdocs\yii\framework\web\actions\CAction.php(76): CViewAction->run()
#2 D:\xampp\htdocs\yii\framework\web\CController.php(308): CAction->runWithParams(Array)
#3 D:\xampp\htdocs\yii\framework\web\CController.php(286): CController->runAction(Object(CViewAction))
#4 D:\xampp\htdocs\yii\framework\web\CController.php(265): CController->runActionWithFilters(Object(CViewAction), Array)
#5 D:\xampp\htdocs\yii\framework\web\CWebApplication.php(282): CController->run('page')
#6 D:\xampp\htdocs\yii\framework\web\CWebApplication.php(141): CWebApplication->runController('site/page')
#7 D:\xampp\htdocs\yii\framework\base\CApplication.php(184): CWebApplication->processRequest()
#8 D:\xampp\htdocs\yii\hososv\index.php(13): CApplication->run()
#9 {main}
REQUEST_URI=/yii/hososv/index.php?r=site/page&view=site
---
2015/03/20 12:19:32 [error] [exception.CHttpException.404] exception 'CHttpException' with message 'The requested view "contact" was not found.' in D:\xampp\htdocs\yii\framework\web\actions\CViewAction.php:112
Stack trace:
#0 D:\xampp\htdocs\yii\framework\web\actions\CViewAction.php(123): CViewAction->resolveView('contact')
#1 D:\xampp\htdocs\yii\framework\web\actions\CAction.php(76): CViewAction->run()
#2 D:\xampp\htdocs\yii\framework\web\CController.php(308): CAction->runWithParams(Array)
#3 D:\xampp\htdocs\yii\framework\web\CController.php(286): CController->runAction(Object(CViewAction))
#4 D:\xampp\htdocs\yii\framework\web\CController.php(265): CController->runActionWithFilters(Object(CViewAction), Array)
#5 D:\xampp\htdocs\yii\framework\web\CWebApplication.php(282): CController->run('page')
#6 D:\xampp\htdocs\yii\framework\web\CWebApplication.php(141): CWebApplication->runController('site/page')
#7 D:\xampp\htdocs\yii\framework\base\CApplication.php(184): CWebApplication->processRequest()
#8 D:\xampp\htdocs\yii\hososv\index.php(13): CApplication->run()
#9 {main}
REQUEST_URI=/yii/hososv/index.php?r=site/page&view=contact
---
2015/03/20 12:19:57 [error] [exception.CHttpException.404] exception 'CHttpException' with message 'The requested view "contact" was not found.' in D:\xampp\htdocs\yii\framework\web\actions\CViewAction.php:112
Stack trace:
#0 D:\xampp\htdocs\yii\framework\web\actions\CViewAction.php(123): CViewAction->resolveView('contact')
#1 D:\xampp\htdocs\yii\framework\web\actions\CAction.php(76): CViewAction->run()
#2 D:\xampp\htdocs\yii\framework\web\CController.php(308): CAction->runWithParams(Array)
#3 D:\xampp\htdocs\yii\framework\web\CController.php(286): CController->runAction(Object(CViewAction))
#4 D:\xampp\htdocs\yii\framework\web\CController.php(265): CController->runActionWithFilters(Object(CViewAction), Array)
#5 D:\xampp\htdocs\yii\framework\web\CWebApplication.php(282): CController->run('page')
#6 D:\xampp\htdocs\yii\framework\web\CWebApplication.php(141): CWebApplication->runController('site/page')
#7 D:\xampp\htdocs\yii\framework\base\CApplication.php(184): CWebApplication->processRequest()
#8 D:\xampp\htdocs\yii\hososv\index.php(13): CApplication->run()
#9 {main}
REQUEST_URI=/yii/hososv/index.php?r=site/page&view=contact
---
2015/03/20 12:38:19 [error] [exception.CHttpException.403] exception 'CHttpException' with message 'You are not authorized to perform this action.' in D:\xampp\htdocs\yii\framework\web\auth\CAccessControlFilter.php:182
Stack trace:
#0 D:\xampp\htdocs\yii\framework\web\auth\CAccessControlFilter.php(145): CAccessControlFilter->accessDenied(Object(CWebUser), 'You are not aut...')
#1 D:\xampp\htdocs\yii\framework\web\filters\CFilter.php(38): CAccessControlFilter->preFilter(Object(CFilterChain))
#2 D:\xampp\htdocs\yii\framework\web\CController.php(1145): CFilter->filter(Object(CFilterChain))
#3 D:\xampp\htdocs\yii\framework\web\filters\CInlineFilter.php(58): CController->filterAccessControl(Object(CFilterChain))
#4 D:\xampp\htdocs\yii\framework\web\filters\CFilterChain.php(130): CInlineFilter->filter(Object(CFilterChain))
#5 D:\xampp\htdocs\yii\framework\web\CController.php(291): CFilterChain->run()
#6 D:\xampp\htdocs\yii\framework\web\CController.php(265): CController->runActionWithFilters(Object(CInlineAction), Array)
#7 D:\xampp\htdocs\yii\framework\web\CWebApplication.php(282): CController->run('admin')
#8 D:\xampp\htdocs\yii\framework\web\CWebApplication.php(141): CWebApplication->runController('taikhoan/admin')
#9 D:\xampp\htdocs\yii\framework\base\CApplication.php(184): CWebApplication->processRequest()
#10 D:\xampp\htdocs\yii\hososv\index.php(13): CApplication->run()
#11 {main}
REQUEST_URI=/yii/hososv/index.php?r=taikhoan/admin
HTTP_REFERER=http://localhost:8080/yii/hososv/index.php?r=taikhoan/index
---
2015/03/20 12:49:26 [error] [php] Undefined variable: content (D:\xampp\htdocs\yii\hososv\protected\views\site\pages\about.php:26)
Stack trace:
#0 D:\xampp\htdocs\yii\framework\web\CController.php(869): SiteController->renderFile()
#1 D:\xampp\htdocs\yii\framework\web\CController.php(782): SiteController->renderPartial()
#2 D:\xampp\htdocs\yii\framework\web\actions\CViewAction.php(140): SiteController->render()
#3 D:\xampp\htdocs\yii\framework\web\actions\CAction.php(76): CViewAction->run()
#4 D:\xampp\htdocs\yii\framework\web\CController.php(308): CViewAction->runWithParams()
#5 D:\xampp\htdocs\yii\framework\web\CController.php(286): SiteController->runAction()
#6 D:\xampp\htdocs\yii\framework\web\CController.php(265): SiteController->runActionWithFilters()
#7 D:\xampp\htdocs\yii\framework\web\CWebApplication.php(282): SiteController->run()
#8 D:\xampp\htdocs\yii\framework\web\CWebApplication.php(141): CWebApplication->runController()
#9 D:\xampp\htdocs\yii\framework\base\CApplication.php(184): CWebApplication->processRequest()
#10 D:\xampp\htdocs\yii\hososv\index.php(13): CWebApplication->run()
REQUEST_URI=/yii/hososv/index.php?r=site/page&view=about
in D:\xampp\htdocs\yii\hososv\protected\views\site\pages\about.php (26)
in D:\xampp\htdocs\yii\hososv\index.php (13)
2015/03/20 13:02:44 [error] [exception.CHttpException.403] exception 'CHttpException' with message 'You are not authorized to perform this action.' in D:\xampp\htdocs\yii\framework\web\auth\CAccessControlFilter.php:182
Stack trace:
#0 D:\xampp\htdocs\yii\framework\web\auth\CAccessControlFilter.php(145): CAccessControlFilter->accessDenied(Object(CWebUser), 'You are not aut...')
#1 D:\xampp\htdocs\yii\framework\web\filters\CFilter.php(38): CAccessControlFilter->preFilter(Object(CFilterChain))
#2 D:\xampp\htdocs\yii\framework\web\CController.php(1145): CFilter->filter(Object(CFilterChain))
#3 D:\xampp\htdocs\yii\framework\web\filters\CInlineFilter.php(58): CController->filterAccessControl(Object(CFilterChain))
#4 D:\xampp\htdocs\yii\framework\web\filters\CFilterChain.php(130): CInlineFilter->filter(Object(CFilterChain))
#5 D:\xampp\htdocs\yii\framework\web\CController.php(291): CFilterChain->run()
#6 D:\xampp\htdocs\yii\framework\web\CController.php(265): CController->runActionWithFilters(Object(CInlineAction), Array)
#7 D:\xampp\htdocs\yii\framework\web\CWebApplication.php(282): CController->run('about')
#8 D:\xampp\htdocs\yii\framework\web\CWebApplication.php(141): CWebApplication->runController('Taikhoan/about')
#9 D:\xampp\htdocs\yii\framework\base\CApplication.php(184): CWebApplication->processRequest()
#10 D:\xampp\htdocs\yii\hososv\index.php(13): CApplication->run()
#11 {main}
REQUEST_URI=/yii/hososv/index.php?r=Taikhoan/about
---
2015/03/20 13:03:09 [error] [exception.CHttpException.400] exception 'CHttpException' with message 'Your request is invalid.' in D:\xampp\htdocs\yii\framework\web\CController.php:336
Stack trace:
#0 D:\xampp\htdocs\yii\framework\web\CController.php(309): CController->invalidActionParams(Object(CInlineAction))
#1 D:\xampp\htdocs\yii\framework\web\filters\CFilterChain.php(133): CController->runAction(Object(CInlineAction))
#2 D:\xampp\htdocs\yii\framework\web\filters\CFilter.php(40): CFilterChain->run()
#3 D:\xampp\htdocs\yii\framework\web\CController.php(1145): CFilter->filter(Object(CFilterChain))
#4 D:\xampp\htdocs\yii\framework\web\filters\CInlineFilter.php(58): CController->filterAccessControl(Object(CFilterChain))
#5 D:\xampp\htdocs\yii\framework\web\filters\CFilterChain.php(130): CInlineFilter->filter(Object(CFilterChain))
#6 D:\xampp\htdocs\yii\framework\web\CController.php(291): CFilterChain->run()
#7 D:\xampp\htdocs\yii\framework\web\CController.php(265): CController->runActionWithFilters(Object(CInlineAction), Array)
#8 D:\xampp\htdocs\yii\framework\web\CWebApplication.php(282): CController->run('view')
#9 D:\xampp\htdocs\yii\framework\web\CWebApplication.php(141): CWebApplication->runController('taikhoan/view')
#10 D:\xampp\htdocs\yii\framework\base\CApplication.php(184): CWebApplication->processRequest()
#11 D:\xampp\htdocs\yii\hososv\index.php(13): CApplication->run()
#12 {main}
REQUEST_URI=/yii/hososv/index.php?r=taikhoan/view
---
2015/03/20 13:03:15 [error] [exception.CHttpException.403] exception 'CHttpException' with message 'You are not authorized to perform this action.' in D:\xampp\htdocs\yii\framework\web\auth\CAccessControlFilter.php:182
Stack trace:
#0 D:\xampp\htdocs\yii\framework\web\auth\CAccessControlFilter.php(145): CAccessControlFilter->accessDenied(Object(CWebUser), 'You are not aut...')
#1 D:\xampp\htdocs\yii\framework\web\filters\CFilter.php(38): CAccessControlFilter->preFilter(Object(CFilterChain))
#2 D:\xampp\htdocs\yii\framework\web\CController.php(1145): CFilter->filter(Object(CFilterChain))
#3 D:\xampp\htdocs\yii\framework\web\filters\CInlineFilter.php(58): CController->filterAccessControl(Object(CFilterChain))
#4 D:\xampp\htdocs\yii\framework\web\filters\CFilterChain.php(130): CInlineFilter->filter(Object(CFilterChain))
#5 D:\xampp\htdocs\yii\framework\web\CController.php(291): CFilterChain->run()
#6 D:\xampp\htdocs\yii\framework\web\CController.php(265): CController->runActionWithFilters(Object(CInlineAction), Array)
#7 D:\xampp\htdocs\yii\framework\web\CWebApplication.php(282): CController->run('about')
#8 D:\xampp\htdocs\yii\framework\web\CWebApplication.php(141): CWebApplication->runController('taikhoan/about')
#9 D:\xampp\htdocs\yii\framework\base\CApplication.php(184): CWebApplication->processRequest()
#10 D:\xampp\htdocs\yii\hososv\index.php(13): CApplication->run()
#11 {main}
REQUEST_URI=/yii/hososv/index.php?r=taikhoan/about
---
2015/03/20 13:06:24 [error] [exception.CHttpException.403] exception 'CHttpException' with message 'You are not authorized to perform this action.' in D:\xampp\htdocs\yii\framework\web\auth\CAccessControlFilter.php:182
Stack trace:
#0 D:\xampp\htdocs\yii\framework\web\auth\CAccessControlFilter.php(145): CAccessControlFilter->accessDenied(Object(CWebUser), 'You are not aut...')
#1 D:\xampp\htdocs\yii\framework\web\filters\CFilter.php(38): CAccessControlFilter->preFilter(Object(CFilterChain))
#2 D:\xampp\htdocs\yii\framework\web\CController.php(1145): CFilter->filter(Object(CFilterChain))
#3 D:\xampp\htdocs\yii\framework\web\filters\CInlineFilter.php(58): CController->filterAccessControl(Object(CFilterChain))
#4 D:\xampp\htdocs\yii\framework\web\filters\CFilterChain.php(130): CInlineFilter->filter(Object(CFilterChain))
#5 D:\xampp\htdocs\yii\framework\web\CController.php(291): CFilterChain->run()
#6 D:\xampp\htdocs\yii\framework\web\CController.php(265): CController->runActionWithFilters(Object(CInlineAction), Array)
#7 D:\xampp\htdocs\yii\framework\web\CWebApplication.php(282): CController->run('about')
#8 D:\xampp\htdocs\yii\framework\web\CWebApplication.php(141): CWebApplication->runController('taikhoan/about')
#9 D:\xampp\htdocs\yii\framework\base\CApplication.php(184): CWebApplication->processRequest()
#10 D:\xampp\htdocs\yii\hososv\index.php(13): CApplication->run()
#11 {main}
REQUEST_URI=/yii/hososv/index.php?r=taikhoan/about
---
2015/03/20 13:07:06 [error] [exception.CHttpException.403] exception 'CHttpException' with message 'You are not authorized to perform this action.' in D:\xampp\htdocs\yii\framework\web\auth\CAccessControlFilter.php:182
Stack trace:
#0 D:\xampp\htdocs\yii\framework\web\auth\CAccessControlFilter.php(145): CAccessControlFilter->accessDenied(Object(CWebUser), 'You are not aut...')
#1 D:\xampp\htdocs\yii\framework\web\filters\CFilter.php(38): CAccessControlFilter->preFilter(Object(CFilterChain))
#2 D:\xampp\htdocs\yii\framework\web\CController.php(1145): CFilter->filter(Object(CFilterChain))
#3 D:\xampp\htdocs\yii\framework\web\filters\CInlineFilter.php(58): CController->filterAccessControl(Object(CFilterChain))
#4 D:\xampp\htdocs\yii\framework\web\filters\CFilterChain.php(130): CInlineFilter->filter(Object(CFilterChain))
#5 D:\xampp\htdocs\yii\framework\web\CController.php(291): CFilterChain->run()
#6 D:\xampp\htdocs\yii\framework\web\CController.php(265): CController->runActionWithFilters(Object(CInlineAction), Array)
#7 D:\xampp\htdocs\yii\framework\web\CWebApplication.php(282): CController->run('about')
#8 D:\xampp\htdocs\yii\framework\web\CWebApplication.php(141): CWebApplication->runController('taikhoan/about')
#9 D:\xampp\htdocs\yii\framework\base\CApplication.php(184): CWebApplication->processRequest()
#10 D:\xampp\htdocs\yii\hososv\index.php(13): CApplication->run()
#11 {main}
REQUEST_URI=/yii/hososv/index.php?r=taikhoan/about
---
2015/03/20 13:08:14 [error] [exception.CHttpException.404] exception 'CHttpException' with message 'The system is unable to find the requested action "About".' in D:\xampp\htdocs\yii\framework\web\CController.php:483
Stack trace:
#0 D:\xampp\htdocs\yii\framework\web\CController.php(270): CController->missingAction('About')
#1 D:\xampp\htdocs\yii\framework\web\CWebApplication.php(282): CController->run('About')
#2 D:\xampp\htdocs\yii\framework\web\CWebApplication.php(141): CWebApplication->runController('Taikhoan/About')
#3 D:\xampp\htdocs\yii\framework\base\CApplication.php(184): CWebApplication->processRequest()
#4 D:\xampp\htdocs\yii\hososv\index.php(13): CApplication->run()
#5 {main}
REQUEST_URI=/yii/hososv/index.php?r=Taikhoan/About
---
2015/03/20 13:08:23 [error] [exception.CHttpException.404] exception 'CHttpException' with message 'The system is unable to find the requested action "About".' in D:\xampp\htdocs\yii\framework\web\CController.php:483
Stack trace:
#0 D:\xampp\htdocs\yii\framework\web\CController.php(270): CController->missingAction('About')
#1 D:\xampp\htdocs\yii\framework\web\CWebApplication.php(282): CController->run('About')
#2 D:\xampp\htdocs\yii\framework\web\CWebApplication.php(141): CWebApplication->runController('taikhoan/About')
#3 D:\xampp\htdocs\yii\framework\base\CApplication.php(184): CWebApplication->processRequest()
#4 D:\xampp\htdocs\yii\hososv\index.php(13): CApplication->run()
#5 {main}
REQUEST_URI=/yii/hososv/index.php?r=taikhoan/About
---
2015/03/20 13:10:18 [error] [exception.CHttpException.403] exception 'CHttpException' with message 'You are not authorized to perform this action.' in D:\xampp\htdocs\yii\framework\web\auth\CAccessControlFilter.php:182
Stack trace:
#0 D:\xampp\htdocs\yii\framework\web\auth\CAccessControlFilter.php(145): CAccessControlFilter->accessDenied(Object(CWebUser), 'You are not aut...')
#1 D:\xampp\htdocs\yii\framework\web\filters\CFilter.php(38): CAccessControlFilter->preFilter(Object(CFilterChain))
#2 D:\xampp\htdocs\yii\framework\web\CController.php(1145): CFilter->filter(Object(CFilterChain))
#3 D:\xampp\htdocs\yii\framework\web\filters\CInlineFilter.php(58): CController->filterAccessControl(Object(CFilterChain))
#4 D:\xampp\htdocs\yii\framework\web\filters\CFilterChain.php(130): CInlineFilter->filter(Object(CFilterChain))
#5 D:\xampp\htdocs\yii\framework\web\CController.php(291): CFilterChain->run()
#6 D:\xampp\htdocs\yii\framework\web\CController.php(265): CController->runActionWithFilters(Object(CInlineAction), Array)
#7 D:\xampp\htdocs\yii\framework\web\CWebApplication.php(282): CController->run('aboutme')
#8 D:\xampp\htdocs\yii\framework\web\CWebApplication.php(141): CWebApplication->runController('taikhoan/aboutm...')
#9 D:\xampp\htdocs\yii\framework\base\CApplication.php(184): CWebApplication->processRequest()
#10 D:\xampp\htdocs\yii\hososv\index.php(13): CApplication->run()
#11 {main}
REQUEST_URI=/yii/hososv/index.php?r=taikhoan/aboutme
---
2015/03/20 13:11:02 [error] [exception.CHttpException.403] exception 'CHttpException' with message 'You are not authorized to perform this action.' in D:\xampp\htdocs\yii\framework\web\auth\CAccessControlFilter.php:182
Stack trace:
#0 D:\xampp\htdocs\yii\framework\web\auth\CAccessControlFilter.php(145): CAccessControlFilter->accessDenied(Object(CWebUser), 'You are not aut...')
#1 D:\xampp\htdocs\yii\framework\web\filters\CFilter.php(38): CAccessControlFilter->preFilter(Object(CFilterChain))
#2 D:\xampp\htdocs\yii\framework\web\CController.php(1145): CFilter->filter(Object(CFilterChain))
#3 D:\xampp\htdocs\yii\framework\web\filters\CInlineFilter.php(58): CController->filterAccessControl(Object(CFilterChain))
#4 D:\xampp\htdocs\yii\framework\web\filters\CFilterChain.php(130): CInlineFilter->filter(Object(CFilterChain))
#5 D:\xampp\htdocs\yii\framework\web\CController.php(291): CFilterChain->run()
#6 D:\xampp\htdocs\yii\framework\web\CController.php(265): CController->runActionWithFilters(Object(CInlineAction), Array)
#7 D:\xampp\htdocs\yii\framework\web\CWebApplication.php(282): CController->run('aboutme')
#8 D:\xampp\htdocs\yii\framework\web\CWebApplication.php(141): CWebApplication->runController('taikhoan/aboutm...')
#9 D:\xampp\htdocs\yii\framework\base\CApplication.php(184): CWebApplication->processRequest()
#10 D:\xampp\htdocs\yii\hososv\index.php(13): CApplication->run()
#11 {main}
REQUEST_URI=/yii/hososv/index.php?r=taikhoan/aboutme
---
2015/03/20 13:11:12 [error] [exception.CHttpException.403] exception 'CHttpException' with message 'You are not authorized to perform this action.' in D:\xampp\htdocs\yii\framework\web\auth\CAccessControlFilter.php:182
Stack trace:
#0 D:\xampp\htdocs\yii\framework\web\auth\CAccessControlFilter.php(145): CAccessControlFilter->accessDenied(Object(CWebUser), 'You are not aut...')
#1 D:\xampp\htdocs\yii\framework\web\filters\CFilter.php(38): CAccessControlFilter->preFilter(Object(CFilterChain))
#2 D:\xampp\htdocs\yii\framework\web\CController.php(1145): CFilter->filter(Object(CFilterChain))
#3 D:\xampp\htdocs\yii\framework\web\filters\CInlineFilter.php(58): CController->filterAccessControl(Object(CFilterChain))
#4 D:\xampp\htdocs\yii\framework\web\filters\CFilterChain.php(130): CInlineFilter->filter(Object(CFilterChain))
#5 D:\xampp\htdocs\yii\framework\web\CController.php(291): CFilterChain->run()
#6 D:\xampp\htdocs\yii\framework\web\CController.php(265): CController->runActionWithFilters(Object(CInlineAction), Array)
#7 D:\xampp\htdocs\yii\framework\web\CWebApplication.php(282): CController->run('aboutme')
#8 D:\xampp\htdocs\yii\framework\web\CWebApplication.php(141): CWebApplication->runController('taikhoan/aboutm...')
#9 D:\xampp\htdocs\yii\framework\base\CApplication.php(184): CWebApplication->processRequest()
#10 D:\xampp\htdocs\yii\hososv\index.php(13): CApplication->run()
#11 {main}
REQUEST_URI=/yii/hososv/index.php?r=taikhoan/aboutme
---
2015/03/20 13:22:49 [error] [exception.CHttpException.403] exception 'CHttpException' with message 'You are not authorized to perform this action.' in D:\xampp\htdocs\yii\framework\web\auth\CAccessControlFilter.php:182
Stack trace:
#0 D:\xampp\htdocs\yii\framework\web\auth\CAccessControlFilter.php(145): CAccessControlFilter->accessDenied(Object(CWebUser), 'You are not aut...')
#1 D:\xampp\htdocs\yii\framework\web\filters\CFilter.php(38): CAccessControlFilter->preFilter(Object(CFilterChain))
#2 D:\xampp\htdocs\yii\framework\web\CController.php(1145): CFilter->filter(Object(CFilterChain))
#3 D:\xampp\htdocs\yii\framework\web\filters\CInlineFilter.php(58): CController->filterAccessControl(Object(CFilterChain))
#4 D:\xampp\htdocs\yii\framework\web\filters\CFilterChain.php(130): CInlineFilter->filter(Object(CFilterChain))
#5 D:\xampp\htdocs\yii\framework\web\CController.php(291): CFilterChain->run()
#6 D:\xampp\htdocs\yii\framework\web\CController.php(265): CController->runActionWithFilters(Object(CInlineAction), Array)
#7 D:\xampp\htdocs\yii\framework\web\CWebApplication.php(282): CController->run('about')
#8 D:\xampp\htdocs\yii\framework\web\CWebApplication.php(141): CWebApplication->runController('taikhoan/about')
#9 D:\xampp\htdocs\yii\framework\base\CApplication.php(184): CWebApplication->processRequest()
#10 D:\xampp\htdocs\yii\hososv\index.php(13): CApplication->run()
#11 {main}
REQUEST_URI=/yii/hososv/index.php?r=taikhoan/about
---
2015/03/20 13:27:10 [error] [exception.CHttpException.404] exception 'CHttpException' with message 'The system is unable to find the requested action "aboutme".' in D:\xampp\htdocs\yii\framework\web\CController.php:483
Stack trace:
#0 D:\xampp\htdocs\yii\framework\web\CController.php(270): CController->missingAction('aboutme')
#1 D:\xampp\htdocs\yii\framework\web\CWebApplication.php(282): CController->run('aboutme')
#2 D:\xampp\htdocs\yii\framework\web\CWebApplication.php(141): CWebApplication->runController('taikhoan/aboutm...')
#3 D:\xampp\htdocs\yii\framework\base\CApplication.php(184): CWebApplication->processRequest()
#4 D:\xampp\htdocs\yii\hososv\index.php(13): CApplication->run()
#5 {main}
REQUEST_URI=/yii/hososv/index.php?r=taikhoan/aboutme
---
2015/03/20 16:30:31 [error] [exception.CException] exception 'CException' with message 'Property "CDetailView.lable" is not defined.' in D:\xampp\htdocs\yii\framework\base\CComponent.php:173
Stack trace:
#0 D:\xampp\htdocs\yii\framework\web\CWidgetFactory.php(161): CComponent->__set('lable', 'hinh_dai_dien')
#1 D:\xampp\htdocs\yii\framework\web\CBaseController.php(146): CWidgetFactory->createWidget(Object(TaikhoanController), 'zii.widgets.CDe...', Array)
#2 D:\xampp\htdocs\yii\framework\web\CBaseController.php(180): CBaseController->createWidget('zii.widgets.CDe...', Array)
#3 D:\xampp\htdocs\yii\hososv\protected\views\taikhoan\view.php(37): CBaseController->widget('zii.widgets.CDe...', Array)
#4 D:\xampp\htdocs\yii\framework\web\CBaseController.php(126): require('D:\\xampp\\htdocs...')
#5 D:\xampp\htdocs\yii\framework\web\CBaseController.php(95): CBaseController->renderInternal('D:\\xampp\\htdocs...', Array, true)
#6 D:\xampp\htdocs\yii\framework\web\CController.php(869): CBaseController->renderFile('D:\\xampp\\htdocs...', Array, true)
#7 D:\xampp\htdocs\yii\framework\web\CController.php(782): CController->renderPartial('view', Array, true)
#8 D:\xampp\htdocs\yii\hososv\protected\controllers\TaikhoanController.php(56): CController->render('view', Array)
#9 [internal function]: TaikhoanController->actionView('32')
#10 D:\xampp\htdocs\yii\framework\web\actions\CAction.php(109): ReflectionMethod->invokeArgs(Object(TaikhoanController), Array)
#11 D:\xampp\htdocs\yii\framework\web\actions\CInlineAction.php(47): CAction->runWithParamsInternal(Object(TaikhoanController), Object(ReflectionMethod), Array)
#12 D:\xampp\htdocs\yii\framework\web\CController.php(308): CInlineAction->runWithParams(Array)
#13 D:\xampp\htdocs\yii\framework\web\CController.php(286): CController->runAction(Object(CInlineAction))
#14 D:\xampp\htdocs\yii\framework\web\CController.php(265): CController->runActionWithFilters(Object(CInlineAction), Array)
#15 D:\xampp\htdocs\yii\framework\web\CWebApplication.php(282): CController->run('view')
#16 D:\xampp\htdocs\yii\framework\web\CWebApplication.php(141): CWebApplication->runController('taikhoan/view')
#17 D:\xampp\htdocs\yii\framework\base\CApplication.php(184): CWebApplication->processRequest()
#18 D:\xampp\htdocs\yii\hososv\index.php(13): CApplication->run()
#19 {main}
REQUEST_URI=/yii/hososv/index.php?r=taikhoan/view&id=32
---
2015/03/20 16:31:01 [error] [exception.CException] exception 'CException' with message 'The attribute must be specified in the format of "Name:Type:Label", where "Type" and "Label" are optional.' in D:\xampp\htdocs\yii\framework\zii\widgets\CDetailView.php:185
Stack trace:
#0 D:\xampp\htdocs\yii\framework\web\CBaseController.php(181): CDetailView->run()
#1 D:\xampp\htdocs\yii\hososv\protected\views\taikhoan\view.php(37): CBaseController->widget('zii.widgets.CDe...', Array)
#2 D:\xampp\htdocs\yii\framework\web\CBaseController.php(126): require('D:\\xampp\\htdocs...')
#3 D:\xampp\htdocs\yii\framework\web\CBaseController.php(95): CBaseController->renderInternal('D:\\xampp\\htdocs...', Array, true)
#4 D:\xampp\htdocs\yii\framework\web\CController.php(869): CBaseController->renderFile('D:\\xampp\\htdocs...', Array, true)
#5 D:\xampp\htdocs\yii\framework\web\CController.php(782): CController->renderPartial('view', Array, true)
#6 D:\xampp\htdocs\yii\hososv\protected\controllers\TaikhoanController.php(56): CController->render('view', Array)
#7 [internal function]: TaikhoanController->actionView('32')
#8 D:\xampp\htdocs\yii\framework\web\actions\CAction.php(109): ReflectionMethod->invokeArgs(Object(TaikhoanController), Array)
#9 D:\xampp\htdocs\yii\framework\web\actions\CInlineAction.php(47): CAction->runWithParamsInternal(Object(TaikhoanController), Object(ReflectionMethod), Array)
#10 D:\xampp\htdocs\yii\framework\web\CController.php(308): CInlineAction->runWithParams(Array)
#11 D:\xampp\htdocs\yii\framework\web\CController.php(286): CController->runAction(Object(CInlineAction))
#12 D:\xampp\htdocs\yii\framework\web\CController.php(265): CController->runActionWithFilters(Object(CInlineAction), Array)
#13 D:\xampp\htdocs\yii\framework\web\CWebApplication.php(282): CController->run('view')
#14 D:\xampp\htdocs\yii\framework\web\CWebApplication.php(141): CWebApplication->runController('taikhoan/view')
#15 D:\xampp\htdocs\yii\framework\base\CApplication.php(184): CWebApplication->processRequest()
#16 D:\xampp\htdocs\yii\hososv\index.php(13): CApplication->run()
#17 {main}
REQUEST_URI=/yii/hososv/index.php?r=taikhoan/view&id=32
---
2015/03/20 17:26:49 [error] [php] Undefined index: Taikhoan (D:\xampp\htdocs\yii\hososv\protected\controllers\TaikhoanController.php:101)
Stack trace:
#0 D:\xampp\htdocs\yii\framework\web\actions\CInlineAction.php(47): CInlineAction->runWithParamsInternal()
#1 D:\xampp\htdocs\yii\framework\web\CController.php(308): CInlineAction->runWithParams()
#2 D:\xampp\htdocs\yii\framework\web\CController.php(286): TaikhoanController->runAction()
#3 D:\xampp\htdocs\yii\framework\web\CController.php(265): TaikhoanController->runActionWithFilters()
#4 D:\xampp\htdocs\yii\framework\web\CWebApplication.php(282): TaikhoanController->run()
#5 D:\xampp\htdocs\yii\framework\web\CWebApplication.php(141): CWebApplication->runController()
#6 D:\xampp\htdocs\yii\framework\base\CApplication.php(184): CWebApplication->processRequest()
#7 D:\xampp\htdocs\yii\hososv\index.php(13): CWebApplication->run()
REQUEST_URI=/yii/hososv/index.php?r=taikhoan/update&id=33
in D:\xampp\htdocs\yii\hososv\protected\controllers\TaikhoanController.php (101)
in D:\xampp\htdocs\yii\hososv\index.php (13)
2015/03/20 17:27:17 [error] [php] Undefined variable: _model (D:\xampp\htdocs\yii\hososv\protected\controllers\TaikhoanController.php:101)
Stack trace:
#0 D:\xampp\htdocs\yii\framework\web\actions\CInlineAction.php(47): CInlineAction->runWithParamsInternal()
#1 D:\xampp\htdocs\yii\framework\web\CController.php(308): CInlineAction->runWithParams()
#2 D:\xampp\htdocs\yii\framework\web\CController.php(286): TaikhoanController->runAction()
#3 D:\xampp\htdocs\yii\framework\web\CController.php(265): TaikhoanController->runActionWithFilters()
#4 D:\xampp\htdocs\yii\framework\web\CWebApplication.php(282): TaikhoanController->run()
#5 D:\xampp\htdocs\yii\framework\web\CWebApplication.php(141): CWebApplication->runController()
#6 D:\xampp\htdocs\yii\framework\base\CApplication.php(184): CWebApplication->processRequest()
#7 D:\xampp\htdocs\yii\hososv\index.php(13): CWebApplication->run()
REQUEST_URI=/yii/hososv/index.php?r=taikhoan/update&id=33
in D:\xampp\htdocs\yii\hososv\protected\controllers\TaikhoanController.php (101)
in D:\xampp\htdocs\yii\hososv\index.php (13)
2015/03/21 17:31:45 [error] [exception.CHttpException.404] exception 'CHttpException' with message 'The system is unable to find the requested action "create".' in D:\xampp\htdocs\yii\framework\web\CController.php:483
Stack trace:
#0 D:\xampp\htdocs\yii\framework\web\CController.php(270): CController->missingAction('create')
#1 D:\xampp\htdocs\yii\framework\web\CWebApplication.php(282): CController->run('create')
#2 D:\xampp\htdocs\yii\framework\web\CWebApplication.php(141): CWebApplication->runController('site/create')
#3 D:\xampp\htdocs\yii\framework\base\CApplication.php(184): CWebApplication->processRequest()
#4 D:\xampp\htdocs\yii\hososv\index.php(13): CApplication->run()
#5 {main}
REQUEST_URI=/yii/hososv/index.php?r=site/create
HTTP_REFERER=http://localhost:8080/yii/hososv/index.php?r=site/login
---
2015/03/21 17:32:00 [error] [exception.CHttpException.404] exception 'CHttpException' with message 'The system is unable to find the requested action "create".' in D:\xampp\htdocs\yii\framework\web\CController.php:483
Stack trace:
#0 D:\xampp\htdocs\yii\framework\web\CController.php(270): CController->missingAction('create')
#1 D:\xampp\htdocs\yii\framework\web\CWebApplication.php(282): CController->run('create')
#2 D:\xampp\htdocs\yii\framework\web\CWebApplication.php(141): CWebApplication->runController('site/create')
#3 D:\xampp\htdocs\yii\framework\base\CApplication.php(184): CWebApplication->processRequest()
#4 D:\xampp\htdocs\yii\hososv\index.php(13): CApplication->run()
#5 {main}
REQUEST_URI=/yii/hososv/index.php?r=site/create
HTTP_REFERER=http://localhost:8080/yii/hososv/index.php?r=site/login
---
2015/03/22 03:56:59 [error] [exception.CException] exception 'CException' with message 'Property "LoginForm.ma_tai_khoan" is not defined.' in D:\xampp\htdocs\yii\framework\base\CComponent.php:130
Stack trace:
#0 D:\xampp\htdocs\yii\hososv\protected\controllers\SiteController.php(96): CComponent->__get('ma_tai_khoan')
#1 D:\xampp\htdocs\yii\framework\web\actions\CInlineAction.php(49): SiteController->actionLogin()
#2 D:\xampp\htdocs\yii\framework\web\CController.php(308): CInlineAction->runWithParams(Array)
#3 D:\xampp\htdocs\yii\framework\web\CController.php(286): CController->runAction(Object(CInlineAction))
#4 D:\xampp\htdocs\yii\framework\web\CController.php(265): CController->runActionWithFilters(Object(CInlineAction), Array)
#5 D:\xampp\htdocs\yii\framework\web\CWebApplication.php(282): CController->run('login')
#6 D:\xampp\htdocs\yii\framework\web\CWebApplication.php(141): CWebApplication->runController('site/login')
#7 D:\xampp\htdocs\yii\framework\base\CApplication.php(184): CWebApplication->processRequest()
#8 D:\xampp\htdocs\yii\hososv\index.php(13): CApplication->run()
#9 {main}
REQUEST_URI=/yii/hososv/index.php?r=site/login
HTTP_REFERER=http://localhost:8080/yii/hososv/index.php?r=site/login
---
2015/03/22 04:48:49 [error] [php] strpos() expects parameter 1 to be string, array given (D:\xampp\htdocs\yii\framework\web\CController.php:706)
Stack trace:
#0 D:\xampp\htdocs\yii\framework\web\CController.php(586): CTheme->getViewFile()
#1 D:\xampp\htdocs\yii\framework\web\CController.php(867): SiteController->getViewFile()
#2 D:\xampp\htdocs\yii\framework\web\CController.php(782): SiteController->renderPartial()
#3 D:\xampp\htdocs\yii\hososv\protected\views\site\pages\about.php(15): SiteController->render()
#4 D:\xampp\htdocs\yii\framework\web\CBaseController.php(126): require()
#5 D:\xampp\htdocs\yii\framework\web\CBaseController.php(95): SiteController->renderInternal()
#6 D:\xampp\htdocs\yii\framework\web\CController.php(869): SiteController->renderFile()
#7 D:\xampp\htdocs\yii\framework\web\CController.php(782): SiteController->renderPartial()
#8 D:\xampp\htdocs\yii\framework\web\actions\CViewAction.php(140): SiteController->render()
#9 D:\xampp\htdocs\yii\framework\web\actions\CAction.php(76): CViewAction->run()
#10 D:\xampp\htdocs\yii\framework\web\CController.php(308): CViewAction->runWithParams()
#11 D:\xampp\htdocs\yii\framework\web\CController.php(286): SiteController->runAction()
#12 D:\xampp\htdocs\yii\framework\web\CController.php(265): SiteController->runActionWithFilters()
#13 D:\xampp\htdocs\yii\framework\web\CWebApplication.php(282): SiteController->run()
#14 D:\xampp\htdocs\yii\framework\web\CWebApplication.php(141): CWebApplication->runController()
#15 D:\xampp\htdocs\yii\framework\base\CApplication.php(184): CWebApplication->processRequest()
#16 D:\xampp\htdocs\yii\hososv\index.php(13): CWebApplication->run()
REQUEST_URI=/yii/hososv/index.php?r=site/page&view=about
in D:\xampp\htdocs\yii\hososv\protected\views\site\pages\about.php (15)
in D:\xampp\htdocs\yii\hososv\index.php (13)
2015/03/22 04:48:54 [error] [php] strpos() expects parameter 1 to be string, array given (D:\xampp\htdocs\yii\framework\web\CController.php:706)
Stack trace:
#0 D:\xampp\htdocs\yii\framework\web\CController.php(586): CTheme->getViewFile()
#1 D:\xampp\htdocs\yii\framework\web\CController.php(867): SiteController->getViewFile()
#2 D:\xampp\htdocs\yii\framework\web\CController.php(782): SiteController->renderPartial()
#3 D:\xampp\htdocs\yii\hososv\protected\views\site\pages\about.php(15): SiteController->render()
#4 D:\xampp\htdocs\yii\framework\web\CBaseController.php(126): require()
#5 D:\xampp\htdocs\yii\framework\web\CBaseController.php(95): SiteController->renderInternal()
#6 D:\xampp\htdocs\yii\framework\web\CController.php(869): SiteController->renderFile()
#7 D:\xampp\htdocs\yii\framework\web\CController.php(782): SiteController->renderPartial()
#8 D:\xampp\htdocs\yii\framework\web\actions\CViewAction.php(140): SiteController->render()
#9 D:\xampp\htdocs\yii\framework\web\actions\CAction.php(76): CViewAction->run()
#10 D:\xampp\htdocs\yii\framework\web\CController.php(308): CViewAction->runWithParams()
#11 D:\xampp\htdocs\yii\framework\web\CController.php(286): SiteController->runAction()
#12 D:\xampp\htdocs\yii\framework\web\CController.php(265): SiteController->runActionWithFilters()
#13 D:\xampp\htdocs\yii\framework\web\CWebApplication.php(282): SiteController->run()
#14 D:\xampp\htdocs\yii\framework\web\CWebApplication.php(141): CWebApplication->runController()
#15 D:\xampp\htdocs\yii\framework\base\CApplication.php(184): CWebApplication->processRequest()
#16 D:\xampp\htdocs\yii\hososv\index.php(13): CWebApplication->run()
REQUEST_URI=/yii/hososv/index.php?r=site/page&view=about
in D:\xampp\htdocs\yii\hososv\protected\views\site\pages\about.php (15)
in D:\xampp\htdocs\yii\hososv\index.php (13)
2015/03/22 04:48:55 [error] [php] strpos() expects parameter 1 to be string, array given (D:\xampp\htdocs\yii\framework\web\CController.php:706)
Stack trace:
#0 D:\xampp\htdocs\yii\framework\web\CController.php(586): CTheme->getViewFile()
#1 D:\xampp\htdocs\yii\framework\web\CController.php(867): SiteController->getViewFile()
#2 D:\xampp\htdocs\yii\framework\web\CController.php(782): SiteController->renderPartial()
#3 D:\xampp\htdocs\yii\hososv\protected\views\site\pages\about.php(15): SiteController->render()
#4 D:\xampp\htdocs\yii\framework\web\CBaseController.php(126): require()
#5 D:\xampp\htdocs\yii\framework\web\CBaseController.php(95): SiteController->renderInternal()
#6 D:\xampp\htdocs\yii\framework\web\CController.php(869): SiteController->renderFile()
#7 D:\xampp\htdocs\yii\framework\web\CController.php(782): SiteController->renderPartial()
#8 D:\xampp\htdocs\yii\framework\web\actions\CViewAction.php(140): SiteController->render()
#9 D:\xampp\htdocs\yii\framework\web\actions\CAction.php(76): CViewAction->run()
#10 D:\xampp\htdocs\yii\framework\web\CController.php(308): CViewAction->runWithParams()
#11 D:\xampp\htdocs\yii\framework\web\CController.php(286): SiteController->runAction()
#12 D:\xampp\htdocs\yii\framework\web\CController.php(265): SiteController->runActionWithFilters()
#13 D:\xampp\htdocs\yii\framework\web\CWebApplication.php(282): SiteController->run()
#14 D:\xampp\htdocs\yii\framework\web\CWebApplication.php(141): CWebApplication->runController()
#15 D:\xampp\htdocs\yii\framework\base\CApplication.php(184): CWebApplication->processRequest()
#16 D:\xampp\htdocs\yii\hososv\index.php(13): CWebApplication->run()
REQUEST_URI=/yii/hososv/index.php?r=site/page&view=about
in D:\xampp\htdocs\yii\hososv\protected\views\site\pages\about.php (15)
in D:\xampp\htdocs\yii\hososv\index.php (13)
2015/03/22 04:48:55 [error] [php] strpos() expects parameter 1 to be string, array given (D:\xampp\htdocs\yii\framework\web\CController.php:706)
Stack trace:
#0 D:\xampp\htdocs\yii\framework\web\CController.php(586): CTheme->getViewFile()
#1 D:\xampp\htdocs\yii\framework\web\CController.php(867): SiteController->getViewFile()
#2 D:\xampp\htdocs\yii\framework\web\CController.php(782): SiteController->renderPartial()
#3 D:\xampp\htdocs\yii\hososv\protected\views\site\pages\about.php(15): SiteController->render()
#4 D:\xampp\htdocs\yii\framework\web\CBaseController.php(126): require()
#5 D:\xampp\htdocs\yii\framework\web\CBaseController.php(95): SiteController->renderInternal()
#6 D:\xampp\htdocs\yii\framework\web\CController.php(869): SiteController->renderFile()
#7 D:\xampp\htdocs\yii\framework\web\CController.php(782): SiteController->renderPartial()
#8 D:\xampp\htdocs\yii\framework\web\actions\CViewAction.php(140): SiteController->render()
#9 D:\xampp\htdocs\yii\framework\web\actions\CAction.php(76): CViewAction->run()
#10 D:\xampp\htdocs\yii\framework\web\CController.php(308): CViewAction->runWithParams()
#11 D:\xampp\htdocs\yii\framework\web\CController.php(286): SiteController->runAction()
#12 D:\xampp\htdocs\yii\framework\web\CController.php(265): SiteController->runActionWithFilters()
#13 D:\xampp\htdocs\yii\framework\web\CWebApplication.php(282): SiteController->run()
#14 D:\xampp\htdocs\yii\framework\web\CWebApplication.php(141): CWebApplication->runController()
#15 D:\xampp\htdocs\yii\framework\base\CApplication.php(184): CWebApplication->processRequest()
#16 D:\xampp\htdocs\yii\hososv\index.php(13): CWebApplication->run()
REQUEST_URI=/yii/hososv/index.php?r=site/page&view=about
in D:\xampp\htdocs\yii\hososv\protected\views\site\pages\about.php (15)
in D:\xampp\htdocs\yii\hososv\index.php (13)
2015/03/22 04:48:56 [error] [php] strpos() expects parameter 1 to be string, array given (D:\xampp\htdocs\yii\framework\web\CController.php:706)
Stack trace:
#0 D:\xampp\htdocs\yii\framework\web\CController.php(586): CTheme->getViewFile()
#1 D:\xampp\htdocs\yii\framework\web\CController.php(867): SiteController->getViewFile()
#2 D:\xampp\htdocs\yii\framework\web\CController.php(782): SiteController->renderPartial()
#3 D:\xampp\htdocs\yii\hososv\protected\views\site\pages\about.php(15): SiteController->render()
#4 D:\xampp\htdocs\yii\framework\web\CBaseController.php(126): require()
#5 D:\xampp\htdocs\yii\framework\web\CBaseController.php(95): SiteController->renderInternal()
#6 D:\xampp\htdocs\yii\framework\web\CController.php(869): SiteController->renderFile()
#7 D:\xampp\htdocs\yii\framework\web\CController.php(782): SiteController->renderPartial()
#8 D:\xampp\htdocs\yii\framework\web\actions\CViewAction.php(140): SiteController->render()
#9 D:\xampp\htdocs\yii\framework\web\actions\CAction.php(76): CViewAction->run()
#10 D:\xampp\htdocs\yii\framework\web\CController.php(308): CViewAction->runWithParams()
#11 D:\xampp\htdocs\yii\framework\web\CController.php(286): SiteController->runAction()
#12 D:\xampp\htdocs\yii\framework\web\CController.php(265): SiteController->runActionWithFilters()
#13 D:\xampp\htdocs\yii\framework\web\CWebApplication.php(282): SiteController->run()
#14 D:\xampp\htdocs\yii\framework\web\CWebApplication.php(141): CWebApplication->runController()
#15 D:\xampp\htdocs\yii\framework\base\CApplication.php(184): CWebApplication->processRequest()
#16 D:\xampp\htdocs\yii\hososv\index.php(13): CWebApplication->run()
REQUEST_URI=/yii/hososv/index.php?r=site/page&view=about
in D:\xampp\htdocs\yii\hososv\protected\views\site\pages\about.php (15)
in D:\xampp\htdocs\yii\hososv\index.php (13)
2015/03/22 05:10:52 [error] [exception.CHttpException.404] exception 'CHttpException' with message 'The system is unable to find the requested action "login".' in D:\xampp\htdocs\yii\framework\web\CController.php:483
Stack trace:
#0 D:\xampp\htdocs\yii\framework\web\CController.php(270): CController->missingAction('login')
#1 D:\xampp\htdocs\yii\framework\web\CWebApplication.php(282): CController->run('login')
#2 D:\xampp\htdocs\yii\framework\web\CWebApplication.php(141): CWebApplication->runController('taikhoan/login')
#3 D:\xampp\htdocs\yii\framework\base\CApplication.php(184): CWebApplication->processRequest()
#4 D:\xampp\htdocs\yii\hososv\index.php(13): CApplication->run()
#5 {main}
REQUEST_URI=/yii/hososv/index.php?r=taikhoan/login
---
2015/03/22 05:16:27 [error] [exception.CHttpException.403] exception 'CHttpException' with message 'You are not authorized to perform this action.' in D:\xampp\htdocs\yii\framework\web\auth\CAccessControlFilter.php:182
Stack trace:
#0 D:\xampp\htdocs\yii\framework\web\auth\CAccessControlFilter.php(145): CAccessControlFilter->accessDenied(Object(CWebUser), 'You are not aut...')
#1 D:\xampp\htdocs\yii\framework\web\filters\CFilter.php(38): CAccessControlFilter->preFilter(Object(CFilterChain))
#2 D:\xampp\htdocs\yii\framework\web\CController.php(1145): CFilter->filter(Object(CFilterChain))
#3 D:\xampp\htdocs\yii\framework\web\filters\CInlineFilter.php(58): CController->filterAccessControl(Object(CFilterChain))
#4 D:\xampp\htdocs\yii\framework\web\filters\CFilterChain.php(130): CInlineFilter->filter(Object(CFilterChain))
#5 D:\xampp\htdocs\yii\framework\web\CController.php(291): CFilterChain->run()
#6 D:\xampp\htdocs\yii\framework\web\CController.php(265): CController->runActionWithFilters(Object(CInlineAction), Array)
#7 D:\xampp\htdocs\yii\framework\web\CWebApplication.php(282): CController->run('admin')
#8 D:\xampp\htdocs\yii\framework\web\CWebApplication.php(141): CWebApplication->runController('taikhoan/admin')
#9 D:\xampp\htdocs\yii\framework\base\CApplication.php(184): CWebApplication->processRequest()
#10 D:\xampp\htdocs\yii\hososv\index.php(13): CApplication->run()
#11 {main}
REQUEST_URI=/yii/hososv/index.php?r=taikhoan/admin
---
2015/03/22 05:16:38 [error] [php] A session had already been started - ignoring session_start() (D:\xampp\htdocs\yii\hososv\protected\views\taikhoan\admin.php:4)
Stack trace:
#0 D:\xampp\htdocs\yii\framework\web\CBaseController.php(95): TaikhoanController->renderInternal()
#1 D:\xampp\htdocs\yii\framework\web\CController.php(869): TaikhoanController->renderFile()
#2 D:\xampp\htdocs\yii\framework\web\CController.php(782): TaikhoanController->renderPartial()
#3 D:\xampp\htdocs\yii\hososv\protected\controllers\TaikhoanController.php(163): TaikhoanController->render()
#4 D:\xampp\htdocs\yii\framework\web\actions\CInlineAction.php(49): TaikhoanController->actionAdmin()
#5 D:\xampp\htdocs\yii\framework\web\CController.php(308): CInlineAction->runWithParams()
#6 D:\xampp\htdocs\yii\framework\web\filters\CFilterChain.php(133): TaikhoanController->runAction()
#7 D:\xampp\htdocs\yii\framework\web\filters\CFilter.php(40): CFilterChain->run()
#8 D:\xampp\htdocs\yii\framework\web\CController.php(1145): CAccessControlFilter->filter()
#9 D:\xampp\htdocs\yii\framework\web\filters\CInlineFilter.php(58): TaikhoanController->filterAccessControl()
#10 D:\xampp\htdocs\yii\framework\web\filters\CFilterChain.php(130): CInlineFilter->filter()
#11 D:\xampp\htdocs\yii\framework\web\CController.php(291): CFilterChain->run()
#12 D:\xampp\htdocs\yii\framework\web\CController.php(265): TaikhoanController->runActionWithFilters()
#13 D:\xampp\htdocs\yii\framework\web\CWebApplication.php(282): TaikhoanController->run()
#14 D:\xampp\htdocs\yii\framework\web\CWebApplication.php(141): CWebApplication->runController()
#15 D:\xampp\htdocs\yii\framework\base\CApplication.php(184): CWebApplication->processRequest()
#16 D:\xampp\htdocs\yii\hososv\index.php(13): CWebApplication->run()
REQUEST_URI=/yii/hososv/index.php?r=taikhoan/admin
in D:\xampp\htdocs\yii\hososv\protected\views\taikhoan\admin.php (4)
in D:\xampp\htdocs\yii\hososv\protected\controllers\TaikhoanController.php (163)
in D:\xampp\htdocs\yii\hososv\index.php (13)
2015/03/22 05:21:39 [error] [exception.CHttpException.403] exception 'CHttpException' with message 'You are not authorized to perform this action.' in D:\xampp\htdocs\yii\framework\web\auth\CAccessControlFilter.php:182
Stack trace:
#0 D:\xampp\htdocs\yii\framework\web\auth\CAccessControlFilter.php(145): CAccessControlFilter->accessDenied(Object(CWebUser), 'You are not aut...')
#1 D:\xampp\htdocs\yii\framework\web\filters\CFilter.php(38): CAccessControlFilter->preFilter(Object(CFilterChain))
#2 D:\xampp\htdocs\yii\framework\web\CController.php(1145): CFilter->filter(Object(CFilterChain))
#3 D:\xampp\htdocs\yii\framework\web\filters\CInlineFilter.php(58): CController->filterAccessControl(Object(CFilterChain))
#4 D:\xampp\htdocs\yii\framework\web\filters\CFilterChain.php(130): CInlineFilter->filter(Object(CFilterChain))
#5 D:\xampp\htdocs\yii\framework\web\CController.php(291): CFilterChain->run()
#6 D:\xampp\htdocs\yii\framework\web\CController.php(265): CController->runActionWithFilters(Object(CInlineAction), Array)
#7 D:\xampp\htdocs\yii\framework\web\CWebApplication.php(282): CController->run('about')
#8 D:\xampp\htdocs\yii\framework\web\CWebApplication.php(141): CWebApplication->runController('taikhoan/about')
#9 D:\xampp\htdocs\yii\framework\base\CApplication.php(184): CWebApplication->processRequest()
#10 D:\xampp\htdocs\yii\hososv\index.php(13): CApplication->run()
#11 {main}
REQUEST_URI=/yii/hososv/index.php?r=taikhoan/about
HTTP_REFERER=http://localhost:8080/yii/hososv/index.php?r=Taikhoan/Create
---
